Loading rhel8/default-amp
  Loading requirement: dot rhel8/slurm singularity/current rhel8/global
    cuda/11.4 libpciaccess/0.16/gcc-9.4.0-6fonbj6
    libiconv/1.16/gcc-9.4.0-ahebbov libxml2/2.9.12/gcc-9.4.0-gnknt5e
    ncurses/6.2/gcc-9.4.0-aiirok7 hwloc/2.5.0/gcc-9.4.0-7sqomga
    libevent/2.1.12/gcc-9.4.0-hgny7cm numactl/2.0.14/gcc-9.4.0-52dwc6n
    cuda/11.4.0/gcc-9.4.0-3hnxhjt gdrcopy/2.2/gcc-9.4.0-e4igtfp
    knem/1.1.4/gcc-9.4.0-bpbxgva libnl/3.3.0/gcc-9.4.0-whwhrwb
    rdma-core/34.0/gcc-9.4.0-5eo5n2u ucx/1.11.1/gcc-9.4.0-lktqyl4
    openmpi/4.1.1/gcc-9.4.0-epagguv
                Step[ FC]     Time          Energy          fmax
*Force-consistent energies used in optimization.
BFGSLineSearch:    0[  0] 10:21:59     -476.877699*       0.0232
BFGSLineSearch:    1[  4] 10:22:05     -476.879330*       0.0739
BFGSLineSearch:    2[  6] 10:22:05     -476.880257*       0.0796
BFGSLineSearch:    3[  8] 10:22:05     -476.882237*       0.0827
BFGSLineSearch:    4[ 10] 10:22:05     -476.884089*       0.0906
BFGSLineSearch:    5[ 12] 10:22:05     -476.885716*       0.0707
BFGSLineSearch:    6[ 14] 10:22:05     -476.886681*       0.0367
BFGSLineSearch:    7[ 16] 10:22:06     -476.887314*       0.0327
BFGSLineSearch:    8[ 18] 10:22:06     -476.887977*       0.0434
BFGSLineSearch:    9[ 20] 10:22:06     -476.888528*       0.0397
BFGSLineSearch:   10[ 22] 10:22:06     -476.889124*       0.0381
BFGSLineSearch:   11[ 24] 10:22:06     -476.889501*       0.0341
BFGSLineSearch:   12[ 26] 10:22:06     -476.889792*       0.0236
BFGSLineSearch:   13[ 28] 10:22:06     -476.890192*       0.0258
BFGSLineSearch:   14[ 30] 10:22:06     -476.890475*       0.0504
BFGSLineSearch:   15[ 32] 10:22:07     -476.890686*       0.0410
BFGSLineSearch:   16[ 34] 10:22:07     -476.890811*       0.0127
BFGSLineSearch:   17[ 36] 10:22:07     -476.890925*       0.0181
BFGSLineSearch:   18[ 38] 10:22:07     -476.891051*       0.0193
BFGSLineSearch:   19[ 40] 10:22:07     -476.891191*       0.0199
BFGSLineSearch:   20[ 42] 10:22:07     -476.891272*       0.0363
BFGSLineSearch:   21[ 44] 10:22:07     -476.891401*       0.0267
BFGSLineSearch:   22[ 46] 10:22:07     -476.891572*       0.0176
BFGSLineSearch:   23[ 48] 10:22:07     -476.891693*       0.0302
BFGSLineSearch:   24[ 50] 10:22:08     -476.891814*       0.0301
BFGSLineSearch:   25[ 52] 10:22:08     -476.891949*       0.0200
BFGSLineSearch:   26[ 54] 10:22:08     -476.892068*       0.0234
BFGSLineSearch:   27[ 56] 10:22:08     -476.892209*       0.0200
BFGSLineSearch:   28[ 58] 10:22:08     -476.892253*       0.0253
BFGSLineSearch:   29[ 60] 10:22:08     -476.892298*       0.0103
BFGSLineSearch:   30[ 62] 10:22:08     -476.892369*       0.0108
BFGSLineSearch:   31[ 64] 10:22:08     -476.892396*       0.0117
BFGSLineSearch:   32[ 66] 10:22:09     -476.892430*       0.0292
BFGSLineSearch:   33[ 68] 10:22:09     -476.892494*       0.0084
BFGSLineSearch:   34[ 70] 10:22:09     -476.892533*       0.0157
BFGSLineSearch:   35[ 72] 10:22:09     -476.892608*       0.0413
BFGSLineSearch:   36[ 74] 10:22:09     -476.892742*       0.0181
BFGSLineSearch:   37[ 75] 10:22:09     -476.893092*       0.0189
BFGSLineSearch:   38[ 77] 10:22:09     -476.893276*       0.0230
BFGSLineSearch:   39[ 79] 10:22:09     -476.893416*       0.0155
BFGSLineSearch:   40[ 81] 10:22:09     -476.893493*       0.0237
BFGSLineSearch:   41[ 83] 10:22:10     -476.893558*       0.0109
BFGSLineSearch:   42[ 85] 10:22:10     -476.893606*       0.0152
BFGSLineSearch:   43[ 87] 10:22:10     -476.893641*       0.0056
BFGSLineSearch:   44[ 88] 10:22:10     -476.893669*       0.0274
BFGSLineSearch:   45[ 90] 10:22:10     -476.893776*       0.0143
BFGSLineSearch:   46[ 92] 10:22:10     -476.893859*       0.0302
BFGSLineSearch:   47[ 94] 10:22:10     -476.893958*       0.0161
BFGSLineSearch:   48[ 96] 10:22:10     -476.894054*       0.0165
BFGSLineSearch:   49[ 98] 10:22:10     -476.894209*       0.0314
BFGSLineSearch:   50[100] 10:22:11     -476.894268*       0.0132
BFGSLineSearch:   51[102] 10:22:11     -476.894365*       0.0160
BFGSLineSearch:   52[104] 10:22:11     -476.894412*       0.0178
BFGSLineSearch:   53[106] 10:22:11     -476.894524*       0.0329
BFGSLineSearch:   54[108] 10:22:11     -476.894664*       0.0243
BFGSLineSearch:   55[110] 10:22:11     -476.894809*       0.0188
BFGSLineSearch:   56[112] 10:22:11     -476.894957*       0.0243
BFGSLineSearch:   57[114] 10:22:11     -476.895042*       0.0273
BFGSLineSearch:   58[116] 10:22:11     -476.895127*       0.0145
BFGSLineSearch:   59[118] 10:22:12     -476.895181*       0.0126
BFGSLineSearch:   60[120] 10:22:12     -476.895214*       0.0097
BFGSLineSearch:   61[122] 10:22:12     -476.895260*       0.0181
BFGSLineSearch:   62[124] 10:22:12     -476.895411*       0.0236
BFGSLineSearch:   63[126] 10:22:12     -476.895524*       0.0176
BFGSLineSearch:   64[128] 10:22:12     -476.895608*       0.0187
BFGSLineSearch:   65[129] 10:22:12     -476.895867*       0.0399
BFGSLineSearch:   66[131] 10:22:12     -476.896045*       0.0339
BFGSLineSearch:   67[133] 10:22:12     -476.896178*       0.0425
BFGSLineSearch:   68[135] 10:22:13     -476.896399*       0.0293
BFGSLineSearch:   69[137] 10:22:13     -476.896583*       0.0449
BFGSLineSearch:   70[139] 10:22:13     -476.896708*       0.0172
BFGSLineSearch:   71[141] 10:22:13     -476.896774*       0.0146
BFGSLineSearch:   72[143] 10:22:13     -476.896802*       0.0155
BFGSLineSearch:   73[145] 10:22:13     -476.896872*       0.0166
BFGSLineSearch:   74[147] 10:22:13     -476.896905*       0.0101
BFGSLineSearch:   75[149] 10:22:13     -476.897057*       0.0311
BFGSLineSearch:   76[151] 10:22:14     -476.897283*       0.0244
BFGSLineSearch:   77[153] 10:22:14     -476.897397*       0.0270
BFGSLineSearch:   78[155] 10:22:14     -476.897663*       0.0211
BFGSLineSearch:   79[157] 10:22:14     -476.897748*       0.0177
BFGSLineSearch:   80[159] 10:22:14     -476.897800*       0.0113
BFGSLineSearch:   81[160] 10:22:14     -476.897849*       0.0162
BFGSLineSearch:   82[162] 10:22:14     -476.897880*       0.0095
BFGSLineSearch:   83[164] 10:22:14     -476.897904*       0.0114
BFGSLineSearch:   84[166] 10:22:14     -476.897931*       0.0116
BFGSLineSearch:   85[168] 10:22:15     -476.897964*       0.0114
BFGSLineSearch:   86[170] 10:22:15     -476.898004*       0.0132
BFGSLineSearch:   87[171] 10:22:15     -476.898056*       0.0219
BFGSLineSearch:   88[173] 10:22:15     -476.898151*       0.0106
BFGSLineSearch:   89[175] 10:22:15     -476.898190*       0.0116
BFGSLineSearch:   90[177] 10:22:15     -476.898249*       0.0145
BFGSLineSearch:   91[179] 10:22:15     -476.898314*       0.0125
BFGSLineSearch:   92[181] 10:22:15     -476.898363*       0.0127
BFGSLineSearch:   93[183] 10:22:15     -476.898413*       0.0094
BFGSLineSearch:   94[185] 10:22:16     -476.898437*       0.0086
BFGSLineSearch:   95[187] 10:22:16     -476.898460*       0.0087
BFGSLineSearch:   96[189] 10:22:16     -476.898469*       0.0044
BFGSLineSearch:   97[191] 10:22:16     -476.898476*       0.0050
BFGSLineSearch:   98[193] 10:22:16     -476.898482*       0.0041
BFGSLineSearch:   99[195] 10:22:16     -476.898487*       0.0049
BFGSLineSearch:  100[197] 10:22:16     -476.898497*       0.0075
BFGSLineSearch:  101[198] 10:22:16     -476.898517*       0.0069
BFGSLineSearch:  102[200] 10:22:16     -476.898540*       0.0104
BFGSLineSearch:  103[202] 10:22:17     -476.898555*       0.0063
BFGSLineSearch:  104[203] 10:22:17     -476.898568*       0.0065
BFGSLineSearch:  105[205] 10:22:17     -476.898576*       0.0071
BFGSLineSearch:  106[207] 10:22:17     -476.898582*       0.0036
BFGSLineSearch:  107[209] 10:22:17     -476.898586*       0.0044
BFGSLineSearch:  108[211] 10:22:17     -476.898592*       0.0041
BFGSLineSearch:  109[213] 10:22:17     -476.898598*       0.0064
BFGSLineSearch:  110[214] 10:22:17     -476.898610*       0.0104
BFGSLineSearch:  111[216] 10:22:17     -476.898624*       0.0064
BFGSLineSearch:  112[218] 10:22:18     -476.898638*       0.0051
BFGSLineSearch:  113[220] 10:22:18     -476.898645*       0.0042
BFGSLineSearch:  114[221] 10:22:18     -476.898653*       0.0061
BFGSLineSearch:  115[223] 10:22:18     -476.898664*       0.0066
BFGSLineSearch:  116[225] 10:22:18     -476.898674*       0.0080
BFGSLineSearch:  117[227] 10:22:18     -476.898686*       0.0057
BFGSLineSearch:  118[229] 10:22:18     -476.898697*       0.0069
BFGSLineSearch:  119[231] 10:22:18     -476.898715*       0.0060
BFGSLineSearch:  120[233] 10:22:18     -476.898720*       0.0063
BFGSLineSearch:  121[235] 10:22:19     -476.898728*       0.0043
BFGSLineSearch:  122[236] 10:22:19     -476.898737*       0.0107
BFGSLineSearch:  123[238] 10:22:19     -476.898756*       0.0110
BFGSLineSearch:  124[240] 10:22:19     -476.898767*       0.0039
BFGSLineSearch:  125[242] 10:22:19     -476.898774*       0.0032
BFGSLineSearch:  126[244] 10:22:19     -476.898776*       0.0017
BFGSLineSearch:  127[246] 10:22:19     -476.898778*       0.0039
BFGSLineSearch:  128[248] 10:22:19     -476.898779*       0.0021
BFGSLineSearch:  129[249] 10:22:19     -476.898781*       0.0023
BFGSLineSearch:  130[250] 10:22:19     -476.898785*       0.0035
BFGSLineSearch:  131[252] 10:22:20     -476.898789*       0.0058
BFGSLineSearch:  132[254] 10:22:20     -476.898794*       0.0035
BFGSLineSearch:  133[256] 10:22:20     -476.898798*       0.0035
BFGSLineSearch:  134[258] 10:22:20     -476.898802*       0.0059
BFGSLineSearch:  135[260] 10:22:20     -476.898808*       0.0020
BFGSLineSearch:  136[261] 10:22:20     -476.898811*       0.0016
BFGSLineSearch:  137[262] 10:22:20     -476.898812*       0.0011
BFGSLineSearch:  138[263] 10:22:20     -476.898812*       0.0009
BFGSLineSearch:  139[265] 10:22:20     -476.898813*       0.0007
BFGSLineSearch:  140[267] 10:22:21     -476.898814*       0.0010
BFGSLineSearch:  141[268] 10:22:21     -476.898814*       0.0008
BFGSLineSearch:  142[269] 10:22:21     -476.898815*       0.0008
BFGSLineSearch:  143[271] 10:22:21     -476.898817*       0.0013
BFGSLineSearch:  144[272] 10:22:21     -476.898819*       0.0009
BFGSLineSearch:  145[273] 10:22:21     -476.898820*       0.0008
BFGSLineSearch:  146[274] 10:22:21     -476.898821*       0.0008
BFGSLineSearch:  147[276] 10:22:21     -476.898821*       0.0006
BFGSLineSearch:  148[277] 10:22:21     -476.898821*       0.0009
BFGSLineSearch:  149[279] 10:22:21     -476.898823*       0.0016
BFGSLineSearch:  150[280] 10:22:21     -476.898823*       0.0009
BFGSLineSearch:  151[281] 10:22:22     -476.898824*       0.0009
BFGSLineSearch:  152[282] 10:22:22     -476.898825*       0.0011
BFGSLineSearch:  153[284] 10:22:22     -476.898826*       0.0011
BFGSLineSearch:  154[285] 10:22:22     -476.898827*       0.0015
BFGSLineSearch:  155[286] 10:22:22     -476.898829*       0.0007
BFGSLineSearch:  156[287] 10:22:22     -476.898830*       0.0011
BFGSLineSearch:  157[288] 10:22:22     -476.898831*       0.0010
BFGSLineSearch:  158[289] 10:22:22     -476.898832*       0.0010
BFGSLineSearch:  159[291] 10:22:22     -476.898835*       0.0019
BFGSLineSearch:  160[292] 10:22:22     -476.898836*       0.0017
BFGSLineSearch:  161[293] 10:22:22     -476.898837*       0.0008
BFGSLineSearch:  162[294] 10:22:22     -476.898838*       0.0007
BFGSLineSearch:  163[296] 10:22:23     -476.898840*       0.0016
BFGSLineSearch:  164[298] 10:22:23     -476.898842*       0.0019
BFGSLineSearch:  165[299] 10:22:23     -476.898845*       0.0017
BFGSLineSearch:  166[300] 10:22:23     -476.898849*       0.0021
BFGSLineSearch:  167[302] 10:22:23     -476.898852*       0.0020
BFGSLineSearch:  168[303] 10:22:23     -476.898854*       0.0006
BFGSLineSearch:  169[304] 10:22:23     -476.898854*       0.0009
BFGSLineSearch:  170[306] 10:22:23     -476.898855*       0.0010
BFGSLineSearch:  171[308] 10:22:23     -476.898856*       0.0009
BFGSLineSearch:  172[309] 10:22:23     -476.898857*       0.0007
BFGSLineSearch:  173[310] 10:22:24     -476.898857*       0.0008
BFGSLineSearch:  174[311] 10:22:24     -476.898859*       0.0007
BFGSLineSearch:  175[313] 10:22:24     -476.898860*       0.0010
BFGSLineSearch:  176[314] 10:22:24     -476.898860*       0.0004
BFGSLineSearch:  177[315] 10:22:24     -476.898861*       0.0003
BFGSLineSearch:  178[316] 10:22:24     -476.898861*       0.0002
BFGSLineSearch:  179[317] 10:22:24     -476.898861*       0.0002
BFGSLineSearch:  180[318] 10:22:24     -476.898861*       0.0001
BFGSLineSearch:  181[319] 10:22:24     -476.898861*       0.0001
BFGSLineSearch:  182[321] 10:22:24     -476.898861*       0.0002
BFGSLineSearch:  183[323] 10:22:24     -476.898861*       0.0001
BFGSLineSearch:  184[324] 10:22:25     -476.898861*       0.0001
BFGSLineSearch:  185[326] 10:22:25     -476.898861*       0.0001
BFGSLineSearch:  186[328] 10:22:25     -476.898861*       0.0001
BFGSLineSearch:  187[330] 10:22:25     -476.898861*       0.0001
BFGSLineSearch:  188[332] 10:22:25     -476.898861*       0.0003
BFGSLineSearch:  189[334] 10:22:25     -476.898861*       0.0003
BFGSLineSearch:  190[335] 10:22:25     -476.898862*       0.0003
BFGSLineSearch:  191[336] 10:22:25     -476.898862*       0.0003
BFGSLineSearch:  192[337] 10:22:25     -476.898862*       0.0002
BFGSLineSearch:  193[338] 10:22:25     -476.898862*       0.0002
BFGSLineSearch:  194[339] 10:22:26     -476.898862*       0.0002
BFGSLineSearch:  195[340] 10:22:26     -476.898862*       0.0001
BFGSLineSearch:  196[341] 10:22:26     -476.898862*       0.0001
BFGSLineSearch:  197[343] 10:22:26     -476.898862*       0.0001
BFGSLineSearch:  198[345] 10:22:26     -476.898862*       0.0000
BFGSLineSearch:  199[346] 10:22:26     -476.898862*       0.0000
BFGSLineSearch:  200[348] 10:22:26     -476.898862*       0.0000
BFGSLineSearch:  201[350] 10:22:26     -476.898862*       0.0000
BFGSLineSearch:  202[352] 10:22:26     -476.898862*       0.0000
BFGSLineSearch:  203[354] 10:22:26     -476.898862*       0.0000
BFGSLineSearch:  204[356] 10:22:27     -476.898862*       0.0000
BFGSLineSearch:  205[358] 10:22:27     -476.898862*       0.0000
BFGSLineSearch:  206[360] 10:22:27     -476.898862*       0.0000
BFGSLineSearch:  207[362] 10:22:27     -476.898862*       0.0000
BFGSLineSearch:  208[364] 10:22:27     -476.898862*       0.0000
BFGSLineSearch:  209[366] 10:22:27     -476.898862*       0.0000
                Step[ FC]     Time          Energy          fmax
*Force-consistent energies used in optimization.
BFGSLineSearch:    0[  0] 10:22:27     -476.898862*       0.0000
BFGSLineSearch:    1[  2] 10:22:27     -476.898862*       0.0000
BFGSLineSearch:    2[  4] 10:22:27     -476.898862*       0.0000
BFGSLineSearch:    3[  7] 10:22:27     -476.898862*       0.0000
BFGSLineSearch:    4[  9] 10:22:28     -476.898862*       0.0000
BFGSLineSearch:    5[ 11] 10:22:28     -476.898862*       0.0000
BFGSLineSearch:    6[ 13] 10:22:28     -476.898862*       0.0000
BFGSLineSearch:    7[ 15] 10:22:28     -476.898862*       0.0000
BFGSLineSearch:    8[ 17] 10:22:28     -476.898862*       0.0000
BFGSLineSearch:    9[ 19] 10:22:28     -476.898862*       0.0000
BFGSLineSearch:   10[ 21] 10:22:28     -476.898862*       0.0000
BFGSLineSearch:   11[ 23] 10:22:28     -476.898862*       0.0000
BFGSLineSearch:   12[ 25] 10:22:28     -476.898862*       0.0000
BFGSLineSearch:   13[ 27] 10:22:28     -476.898862*       0.0000
BFGSLineSearch:   14[ 29] 10:22:28     -476.898862*       0.0000
BFGSLineSearch:   15[ 31] 10:22:28     -476.898862*       0.0000
BFGSLineSearch:   16[ 33] 10:22:28     -476.898862*       0.0000
BFGSLineSearch:   17[ 35] 10:22:29     -476.898862*       0.0000
BFGSLineSearch:   18[ 37] 10:22:29     -476.898862*       0.0000
BFGSLineSearch:   19[ 39] 10:22:29     -476.898862*       0.0000
BFGSLineSearch:   20[ 41] 10:22:29     -476.898862*       0.0000
BFGSLineSearch:   21[ 43] 10:22:29     -476.898862*       0.0000
BFGSLineSearch:   22[ 45] 10:22:29     -476.898862*       0.0000
BFGSLineSearch:   23[ 47] 10:22:29     -476.898862*       0.0000
BFGSLineSearch:   24[ 49] 10:22:29     -476.898862*       0.0000
BFGSLineSearch:   25[ 51] 10:22:29     -476.898862*       0.0000
BFGSLineSearch:   26[ 53] 10:22:29     -476.898862*       0.0000
BFGSLineSearch:   27[ 55] 10:22:29     -476.898862*       0.0000
BFGSLineSearch:   28[ 57] 10:22:29     -476.898862*       0.0000
BFGSLineSearch:   29[ 59] 10:22:29     -476.898862*       0.0000
BFGSLineSearch:   30[ 61] 10:22:30     -476.898862*       0.0000
BFGSLineSearch:   31[ 63] 10:22:30     -476.898862*       0.0000
BFGSLineSearch:   32[ 77] 10:22:30     -476.898862*       0.0000
BFGSLineSearch:   33[ 79] 10:22:30     -476.898862*       0.0000
BFGSLineSearch:   34[ 81] 10:22:30     -476.898862*       0.0000
BFGSLineSearch:   35[ 83] 10:22:30     -476.898862*       0.0000
BFGSLineSearch:   36[ 86] 10:22:30     -476.898862*       0.0000
BFGSLineSearch:   37[124] 10:22:31     -476.898862*       0.0000
BFGSLineSearch:   38[126] 10:22:31     -476.898862*       0.0000
BFGSLineSearch:   39[130] 10:22:31     -476.898862*       0.0000
BFGSLineSearch:   40[132] 10:22:31     -476.898862*       0.0000
BFGSLineSearch:   41[137] 10:22:31     -476.898862*       0.0000
BFGSLineSearch:   42[139] 10:22:32     -476.898862*       0.0000
BFGSLineSearch:   43[141] 10:22:32     -476.898862*       0.0000
BFGSLineSearch:   44[143] 10:22:32     -476.898862*       0.0000
BFGSLineSearch:   45[157] 10:22:32     -476.898862*       0.0000
BFGSLineSearch:   46[159] 10:22:32     -476.898862*       0.0000
BFGSLineSearch:   47[161] 10:22:32     -476.898862*       0.0000
BFGSLineSearch:   48[163] 10:22:32     -476.898862*       0.0000
BFGSLineSearch:   49[165] 10:22:32     -476.898862*       0.0000
BFGSLineSearch:   50[207] 10:22:34     -476.898862*       0.0000
BFGSLineSearch:   51[210] 10:22:34     -476.898862*       0.0000
BFGSLineSearch:   52[214] 10:22:34     -476.898862*       0.0000
BFGSLineSearch:   53[216] 10:22:34     -476.898862*       0.0000
BFGSLineSearch:   54[219] 10:22:34     -476.898862*       0.0000
BFGSLineSearch:   55[225] 10:22:35     -476.898862*       0.0000
BFGSLineSearch:   56[227] 10:22:35     -476.898862*       0.0000
BFGSLineSearch:   57[229] 10:22:35     -476.898862*       0.0000
BFGSLineSearch:   58[231] 10:22:35     -476.898862*       0.0000
BFGSLineSearch:   59[241] 10:22:35     -476.898862*       0.0000
BFGSLineSearch:   60[243] 10:22:35     -476.898862*       0.0000
BFGSLineSearch:   61[273] 10:22:36     -476.898862*       0.0000
BFGSLineSearch:   62[275] 10:22:36     -476.898862*       0.0000
BFGSLineSearch:   63[297] 10:22:36     -476.898862*       0.0000
BFGSLineSearch:   64[301] 10:22:37     -476.898862*       0.0000
BFGSLineSearch:   65[303] 10:22:37     -476.898862*       0.0000
BFGSLineSearch:   66[305] 10:22:37     -476.898862*       0.0000
BFGSLineSearch:   67[307] 10:22:37     -476.898862*       0.0000
BFGSLineSearch:   68[309] 10:22:37     -476.898862*       0.0000
BFGSLineSearch:   69[332] 10:22:38     -476.898862*       0.0000
BFGSLineSearch:   70[337] 10:22:38     -476.898862*       0.0000
BFGSLineSearch:   71[367] 10:22:38     -476.898862*       0.0000
BFGSLineSearch:   72[373] 10:22:38     -476.898862*       0.0000
BFGSLineSearch:   73[378] 10:22:39     -476.898862*       0.0000
BFGSLineSearch:   74[382] 10:22:39     -476.898862*       0.0000
BFGSLineSearch:   75[387] 10:22:39     -476.898862*       0.0000
BFGSLineSearch:   76[422] 10:22:39     -476.898862*       0.0000
BFGSLineSearch:   77[424] 10:22:39     -476.898862*       0.0000
BFGSLineSearch:   78[426] 10:22:40     -476.898862*       0.0000
BFGSLineSearch:   79[428] 10:22:40     -476.898862*       0.0000
BFGSLineSearch:   80[430] 10:22:40     -476.898862*       0.0000
BFGSLineSearch:   81[432] 10:22:40     -476.898862*       0.0000
BFGSLineSearch:   82[437] 10:22:40     -476.898862*       0.0000
BFGSLineSearch:   83[439] 10:22:40     -476.898862*       0.0000
BFGSLineSearch:   84[462] 10:22:41     -476.898862*       0.0000
BFGSLineSearch:   85[467] 10:22:41     -476.898862*       0.0000
BFGSLineSearch:   86[469] 10:22:41     -476.898862*       0.0000
BFGSLineSearch:   87[471] 10:22:41     -476.898862*       0.0000
BFGSLineSearch:   88[488] 10:22:42     -476.898862*       0.0000
BFGSLineSearch:   89[490] 10:22:42     -476.898862*       0.0000
BFGSLineSearch:   90[509] 10:22:43     -476.898862*       0.0000
BFGSLineSearch:   91[519] 10:22:43     -476.898862*       0.0000
BFGSLineSearch:   92[546] 10:22:44     -476.898862*       0.0000
BFGSLineSearch:   93[551] 10:22:44     -476.898862*       0.0000
BFGSLineSearch:   94[556] 10:22:44     -476.898862*       0.0000
BFGSLineSearch:   95[558] 10:22:44     -476.898862*       0.0000
BFGSLineSearch:   96[560] 10:22:44     -476.898862*       0.0000
BFGSLineSearch:   97[562] 10:22:44     -476.898862*       0.0000
BFGSLineSearch:   98[578] 10:22:45     -476.898862*       0.0000
BFGSLineSearch:   99[583] 10:22:45     -476.898862*       0.0000
BFGSLineSearch:  100[585] 10:22:45     -476.898862*       0.0000
BFGSLineSearch:  101[587] 10:22:45     -476.898862*       0.0000
BFGSLineSearch:  102[624] 10:22:46     -476.898862*       0.0000
BFGSLineSearch:  103[653] 10:22:47     -476.898862*       0.0000
BFGSLineSearch:  104[681] 10:22:47     -476.898862*       0.0000
BFGSLineSearch:  105[693] 10:22:48     -476.898862*       0.0000
BFGSLineSearch:  106[702] 10:22:48     -476.898862*       0.0000
BFGSLineSearch:  107[704] 10:22:48     -476.898862*       0.0000
BFGSLineSearch:  108[709] 10:22:48     -476.898862*       0.0000
BFGSLineSearch:  109[714] 10:22:49     -476.898862*       0.0000
BFGSLineSearch:  110[716] 10:22:49     -476.898862*       0.0000
BFGSLineSearch:  111[718] 10:22:49     -476.898862*       0.0000
BFGSLineSearch:  112[722] 10:22:49     -476.898862*       0.0000
BFGSLineSearch:  113[724] 10:22:49     -476.898862*       0.0000
BFGSLineSearch:  114[726] 10:22:49     -476.898862*       0.0000
BFGSLineSearch:  115[731] 10:22:49     -476.898862*       0.0000
BFGSLineSearch:  116[733] 10:22:49     -476.898862*       0.0000
BFGSLineSearch:  117[753] 10:22:50     -476.898862*       0.0000
BFGSLineSearch:  118[755] 10:22:50     -476.898862*       0.0000
BFGSLineSearch:  119[761] 10:22:50     -476.898862*       0.0000
BFGSLineSearch:  120[763] 10:22:50     -476.898862*       0.0000
BFGSLineSearch:  121[767] 10:22:50     -476.898862*       0.0000
BFGSLineSearch:  122[776] 10:22:51     -476.898862*       0.0000
BFGSLineSearch:  123[803] 10:22:52     -476.898862*       0.0000
BFGSLineSearch:  124[805] 10:22:52     -476.898862*       0.0000
BFGSLineSearch:  125[809] 10:22:52     -476.898862*       0.0000
BFGSLineSearch:  126[818] 10:22:52     -476.898862*       0.0000
BFGSLineSearch:  127[836] 10:22:53     -476.898862*       0.0000
BFGSLineSearch:  128[840] 10:22:53     -476.898862*       0.0000
BFGSLineSearch:  129[842] 10:22:53     -476.898862*       0.0000
BFGSLineSearch:  130[844] 10:22:53     -476.898862*       0.0000
BFGSLineSearch:  131[846] 10:22:53     -476.898862*       0.0000
BFGSLineSearch:  132[850] 10:22:53     -476.898862*       0.0000
BFGSLineSearch:  133[855] 10:22:53     -476.898862*       0.0000
BFGSLineSearch:  134[857] 10:22:53     -476.898862*       0.0000
BFGSLineSearch:  135[859] 10:22:54     -476.898862*       0.0000
BFGSLineSearch:  136[861] 10:22:54     -476.898862*       0.0000
BFGSLineSearch:  137[865] 10:22:54     -476.898862*       0.0000
BFGSLineSearch:  138[867] 10:22:54     -476.898862*       0.0000
BFGSLineSearch:  139[869] 10:22:54     -476.898862*       0.0000
