# column   1     --> step : The current simulation time step.
# column   2     --> time{picosecond} : The elapsed simulation time.
# column   3     --> conserved : The value of the conserved energy quantity per bead.
# column   4     --> temperature{kelvin} : The current temperature, as obtained from the MD kinetic energy.
# column   5     --> kinetic_cv{electronvolt} : The centroid-virial quantum kinetic energy of the physical system.
# column   6     --> potential{electronvolt} : The physical system potential energy.
# column   7     --> pressure_cv{megapascal} : The quantum estimator for pressure of the physical system.
# column   8     --> volume : The volume of the cell box.
# cols.    9-14  --> cell_h : The simulation cell as a matrix. Returns the 6 non-zero components in the form [xx, yy, zz, xy, xz, yz].
    0.00000000e+00     0.00000000e+00    -7.13456011e+01     4.92364698e+02     3.39230295e+01    -3.04030028e+03     6.48251025e+02     3.79657860e+04     3.51948654e+01   3.51033486e+01   3.07301400e+01  -8.09876129e-03   1.88167838e-15   1.88211256e-15 
    1.00000000e+02     1.00000000e-01    -7.06463826e+01     4.82815143e+02     5.25348006e+01    -2.98739095e+03    -1.61313389e+02     4.10055044e+04     3.52548017e+01   3.54602434e+01   3.28006288e+01   5.30229566e-01   3.42090675e-01  -5.12882499e-01 
    2.00000000e+02     2.00000000e-01    -7.02192887e+01     4.90720532e+02     5.25126142e+01    -2.98556767e+03     2.38542484e+02     3.97662949e+04     3.51024244e+01   3.48918709e+01   3.24678671e+01  -5.17646712e-01   7.65522263e-01   8.66896600e-02 
    3.00000000e+02     3.00000000e-01    -6.98155433e+01     4.90817549e+02     5.27169008e+01    -2.98383396e+03    -9.88630667e+01     4.05854049e+04     3.52729946e+01   3.54376655e+01   3.24685165e+01   3.49235081e-01  -9.43087265e-01   3.60431912e-01 
    4.00000000e+02     4.00000000e-01    -6.93711169e+01     4.89401318e+02     5.29386988e+01    -2.98216705e+03    -6.63519911e+01     4.00085401e+04     3.50941052e+01   3.51630687e+01   3.24213998e+01  -9.28029422e-02   7.55668933e-01  -5.37643720e-01 
    5.00000000e+02     5.00000000e-01    -6.89282013e+01     4.89354360e+02     5.32802481e+01    -2.98173504e+03    -4.95635676e+02     4.02604612e+04     3.52474589e+01   3.53909913e+01   3.22744021e+01   3.34488139e-02   2.19894385e-01  -2.38747763e-01 
    6.00000000e+02     6.00000000e-01    -6.84273370e+01     4.85986065e+02     5.30897542e+01    -2.98190424e+03     4.57367357e+02     4.04282185e+04     3.52124504e+01   3.53068519e+01   3.25184143e+01   3.55029183e-01  -8.86696410e-01   7.22926037e-01 
    7.00000000e+02     7.00000000e-01    -6.79925682e+01     4.88453861e+02     5.25197509e+01    -2.98253549e+03     1.14940334e+03     4.09858097e+04     3.52224634e+01   3.50262528e+01   3.32215671e+01  -3.19750850e-01   5.87855108e-02   9.73779279e-03 
    8.00000000e+02     8.00000000e-01    -6.75032564e+01     4.88929194e+02     5.24258557e+01    -2.98224174e+03    -3.90134102e+02     4.01031643e+04     3.51473139e+01   3.53747385e+01   3.22547191e+01   1.21993532e-01   3.20571620e-01  -3.34143626e-01 
    9.00000000e+02     9.00000000e-01    -6.69874292e+01     4.87448422e+02     5.34076691e+01    -2.98046377e+03     1.39533666e+02     4.03843126e+04     3.51330502e+01   3.51897337e+01   3.26648643e+01   1.07968317e-02  -1.03208715e-01   8.97037920e-01 
    1.00000000e+03     1.00000000e+00    -6.64955256e+01     4.92205280e+02     5.26671620e+01    -2.98150663e+03     1.21212722e+02     4.05396604e+04     3.50016954e+01   3.54199234e+01   3.26996729e+01  -1.37161810e-01  -7.13579788e-01  -9.31905621e-02 
    1.10000000e+03     1.10000000e+00    -6.59996598e+01     4.89943541e+02     5.32887984e+01    -2.97999405e+03     2.02834338e+00     4.07795332e+04     3.52216379e+01   3.54367713e+01   3.26722133e+01   2.15392660e-01   3.15768266e-01  -6.24418370e-02 
    1.20000000e+03     1.20000000e+00    -6.55845647e+01     4.85086101e+02     5.35331861e+01    -2.97939511e+03    -8.21714476e+01     4.04907593e+04     3.50805524e+01   3.54517798e+01   3.25575304e+01   1.23847169e-01  -2.89060698e-01  -1.03425443e-02 
    1.30000000e+03     1.30000000e+00    -6.51024807e+01     4.85217413e+02     5.31023176e+01    -2.97946430e+03    -3.56938672e+02     4.06754788e+04     3.54263639e+01   3.53671106e+01   3.24643353e+01  -2.58201407e-01   5.55475314e-01  -1.12223158e-03 
    1.40000000e+03     1.40000000e+00    -6.45778001e+01     4.86734256e+02     5.38573632e+01    -2.97917644e+03     1.18295684e+02     4.03404015e+04     3.52768409e+01   3.51316390e+01   3.25500844e+01   3.31107126e-01  -1.26735031e-01  -4.91140588e-01 
    1.50000000e+03     1.50000000e+00    -6.41039060e+01     4.86685429e+02     5.25453987e+01    -2.97958957e+03     2.73839567e+02     4.04291342e+04     3.51061968e+01   3.50824074e+01   3.28262497e+01  -4.08902517e-01  -2.11730244e-01   7.17312779e-01 
    1.60000000e+03     1.60000000e+00    -6.36173499e+01     4.88990335e+02     5.34522212e+01    -2.98028169e+03     3.61127711e+02     4.06261129e+04     3.56111156e+01   3.53943245e+01   3.22319116e+01  -4.62514766e-01   1.52959711e-01   2.35511181e-01 
    1.70000000e+03     1.70000000e+00    -6.31752182e+01     4.85284532e+02     5.25190890e+01    -2.98158788e+03     4.12605056e+02     4.01891725e+04     3.51839835e+01   3.51338809e+01   3.25115692e+01   2.26824487e-01   6.83509849e-01  -2.97610301e-01 
    1.80000000e+03     1.80000000e+00    -6.27008935e+01     4.76154475e+02     5.32339728e+01    -2.98043366e+03     2.29274275e+02     4.02316558e+04     3.52846954e+01   3.52393122e+01   3.23559467e+01  -2.62019604e-01   2.09238132e-02  -4.85628409e-01 
    1.90000000e+03     1.90000000e+00    -6.21909347e+01     4.87392786e+02     5.32855430e+01    -2.98131502e+03     9.14302455e+01     4.00323853e+04     3.53453613e+01   3.52992959e+01   3.20858095e+01   2.14885718e-01  -5.94879953e-01  -4.68641811e-02 
    2.00000000e+03     2.00000000e+00    -6.17196807e+01     4.83705195e+02     5.27727041e+01    -2.98011583e+03     3.29812485e+02     4.00968280e+04     3.52605328e+01   3.50902221e+01   3.24067165e+01  -6.59704324e-03   7.35287634e-01   1.27576979e-01 
    2.10000000e+03     2.10000000e+00    -6.12448597e+01     4.84801143e+02     5.25781098e+01    -2.98427999e+03    -8.83743853e+01     4.02936761e+04     3.52918358e+01   3.53498079e+01   3.22979964e+01   6.57477970e-02   3.17318806e-01  -6.21825408e-01 
    2.20000000e+03     2.20000000e+00    -6.07560334e+01     4.86138734e+02     5.31566490e+01    -2.98401316e+03     2.43303806e+01     4.07054470e+04     3.51802983e+01   3.52480911e+01   3.28259579e+01  -3.06268744e-01   4.82917080e-01   1.89127407e-01 
    2.30000000e+03     2.30000000e+00    -6.02902022e+01     4.87895360e+02     5.34540282e+01    -2.98101000e+03     2.32517602e+02     3.99398393e+04     3.54283143e+01   3.52947768e+01   3.19407702e+01   8.28124389e-02  -5.27412172e-01  -4.00929882e-01 
    2.40000000e+03     2.40000000e+00    -5.98064208e+01     4.86892322e+02     5.28838601e+01    -2.97975031e+03    -3.57977920e+02     4.02451852e+04     3.50151227e+01   3.53345806e+01   3.25280731e+01  -2.10212240e-01  -2.93505581e-01  -2.57866742e-01 
    2.50000000e+03     2.50000000e+00    -5.93043471e+01     4.88008177e+02     5.40201407e+01    -2.98002140e+03     2.44380408e+02     4.04056655e+04     3.53026161e+01   3.54649519e+01   3.22727519e+01   3.20268164e-01   8.13295241e-02   7.71286309e-01 
    2.60000000e+03     2.60000000e+00    -5.87939009e+01     4.82505184e+02     5.34480890e+01    -2.98096578e+03     5.73810460e+02     4.03073261e+04     3.51513628e+01   3.51169233e+01   3.26531710e+01  -2.79147163e-01   2.52917021e-01  -6.70060765e-01 
    2.70000000e+03     2.70000000e+00    -5.82611053e+01     4.86521373e+02     5.24693817e+01    -2.98208724e+03     2.57460169e+02     4.04834148e+04     3.53784803e+01   3.52622584e+01   3.24509818e+01   3.97997322e-01  -1.75291167e-01   2.31248212e-01 
    2.80000000e+03     2.80000000e+00    -5.78100414e+01     4.91154845e+02     5.28242685e+01    -2.98198711e+03    -1.00346894e+03     4.05273153e+04     3.50076481e+01   3.55092589e+01   3.26019286e+01   1.34578688e-01   1.19347717e-01   8.03086734e-01 
    2.90000000e+03     2.90000000e+00    -5.73264886e+01     4.87363858e+02     5.30860964e+01    -2.97940972e+03    -4.86878209e+02     4.08656168e+04     3.55404724e+01   3.53219651e+01   3.25529240e+01  -2.00208572e-01   2.38455207e-02   7.16096434e-02 
    3.00000000e+03     3.00000000e+00    -5.67569401e+01     4.85643958e+02     5.32698713e+01    -2.98212349e+03     1.51049971e+02     4.03227383e+04     3.50183695e+01   3.51835309e+01   3.27276388e+01  -2.71335035e-01  -2.74594535e-01  -4.80450377e-01 
    3.10000000e+03     3.10000000e+00    -5.62774229e+01     4.90245550e+02     5.32900624e+01    -2.98081934e+03     6.56931298e+02     4.04579252e+04     3.52325942e+01   3.53814595e+01   3.24551217e+01   4.49062928e-01   1.99805732e-01   3.14984778e-01 
    3.20000000e+03     3.20000000e+00    -5.57460447e+01     4.86682043e+02     5.32566520e+01    -2.98012629e+03    -4.88717620e+02     4.03562562e+04     3.52583581e+01   3.51232427e+01   3.25877354e+01   2.63102819e-01   3.77490912e-01   9.71195735e-01 
    3.30000000e+03     3.30000000e+00    -5.52285749e+01     4.87224772e+02     5.33831386e+01    -2.98129772e+03     3.21933401e+02     4.06203070e+04     3.55182934e+01   3.52871202e+01   3.24096912e+01  -5.06815413e-01  -7.49222383e-02   3.77891986e-01 
    3.40000000e+03     3.40000000e+00    -5.47007941e+01     4.81358924e+02     5.37363019e+01    -2.97876381e+03     2.24155379e+02     4.02237969e+04     3.52629870e+01   3.50206476e+01   3.25716525e+01  -2.69305980e-02  -6.78288865e-01  -7.64844154e-01 
    3.50000000e+03     3.50000000e+00    -5.42147360e+01     4.85914443e+02     5.26665886e+01    -2.98036043e+03    -1.48268314e+02     4.01045140e+04     3.52697849e+01   3.53450826e+01   3.21707693e+01   1.15177819e-01  -1.71406636e-01  -3.73377013e-01 
    3.60000000e+03     3.60000000e+00    -5.36976453e+01     4.87243112e+02     5.30184943e+01    -2.98069646e+03    -7.54086644e+01     4.00863766e+04     3.51827685e+01   3.50491253e+01   3.25079518e+01   1.64508114e-01   1.53172961e+00   8.26129778e-01 
    3.70000000e+03     3.70000000e+00    -5.32204532e+01     4.93123887e+02     5.29914569e+01    -2.98268365e+03     1.28264502e+01     4.08293708e+04     3.53667379e+01   3.52818147e+01   3.27210150e+01   1.13014433e-01  -4.73390597e-01   1.32518731e-01 
    3.80000000e+03     3.80000000e+00    -5.27948949e+01     4.89190366e+02     5.29422561e+01    -2.98249249e+03     5.08531666e+02     3.99092823e+04     3.51609942e+01   3.50697441e+01   3.23653401e+01   2.70704229e-02  -5.94819663e-01  -5.32894198e-01 
    3.90000000e+03     3.90000000e+00    -5.23064150e+01     4.87144601e+02     5.27514338e+01    -2.98153826e+03    -5.56814858e+02     4.03569653e+04     3.54372367e+01   3.52982511e+01   3.22630531e+01   1.80210018e-01   5.42902472e-01   7.44968622e-01 
    4.00000000e+03     4.00000000e+00    -5.18361133e+01     4.91468439e+02     5.37961838e+01    -2.98009339e+03     5.82530750e+02     4.00098558e+04     3.50272108e+01   3.53235571e+01   3.23367969e+01   2.29961105e-01  -4.58988020e-01  -4.21157536e-01 
    4.10000000e+03     4.10000000e+00    -5.13398217e+01     4.91497170e+02     5.25148921e+01    -2.98183155e+03    -5.35579906e+02     4.06655926e+04     3.53759724e+01   3.54206624e+01   3.24535374e+01   1.85118770e-01  -5.12951699e-02   4.51201491e-01 
    4.20000000e+03     4.20000000e+00    -5.08621974e+01     4.85523689e+02     5.27806890e+01    -2.97935856e+03    -6.34520347e+02     4.03804017e+04     3.53138807e+01   3.50485482e+01   3.26253483e+01  -2.14666751e-01   1.16159553e-01  -2.03262955e-02 
    4.30000000e+03     4.30000000e+00    -5.03610777e+01     4.89710287e+02     5.32232956e+01    -2.98332892e+03     3.57295578e+02     4.00776056e+04     3.52195051e+01   3.52988041e+01   3.22372900e+01   4.35240624e-01  -5.79068886e-02  -2.65169034e-01 
    4.40000000e+03     4.40000000e+00    -4.98658987e+01     4.85183095e+02     5.41502573e+01    -2.98143341e+03     4.96694505e+02     4.01865246e+04     3.52144290e+01   3.52219785e+01   3.24000776e+01  -1.41846116e-01  -1.09498585e-01  -5.06136828e-01 
    4.50000000e+03     4.50000000e+00    -4.93739531e+01     4.85490504e+02     5.30875082e+01    -2.98231168e+03     1.96271437e+02     3.99150744e+04     3.52938570e+01   3.50635786e+01   3.22538515e+01  -9.59055135e-01   7.15693726e-01   1.05589370e+00 
    4.60000000e+03     4.60000000e+00    -4.88105056e+01     4.84817912e+02     5.31393695e+01    -2.98239883e+03     3.48905018e+02     3.99445723e+04     3.52909886e+01   3.52690697e+01   3.20922337e+01   3.80459120e-01  -5.61994805e-02  -6.73918934e-01 
    4.70000000e+03     4.70000000e+00    -4.82722898e+01     4.85476499e+02     5.26692991e+01    -2.97954977e+03    -2.71606131e+02     4.00891485e+04     3.50625647e+01   3.52303341e+01   3.24538623e+01  -1.47585089e-01  -1.18725777e+00   2.54000503e-01 
    4.80000000e+03     4.80000000e+00    -4.78126832e+01     4.85489498e+02     5.26063476e+01    -2.97885767e+03     4.68160023e+01     4.03552149e+04     3.51138067e+01   3.53289042e+01   3.25305633e+01  -2.04480689e-01   1.08657150e-01   2.73553600e-01 
    4.90000000e+03     4.90000000e+00    -4.73083721e+01     4.85774253e+02     5.32969982e+01    -2.98080646e+03     8.96925426e+01     4.05748517e+04     3.51659873e+01   3.52160132e+01   3.27637753e+01   6.73041910e-02   5.26522432e-01   1.80090995e-01 
    5.00000000e+03     5.00000000e+00    -4.67410845e+01     4.88283724e+02     5.30814630e+01    -2.98087718e+03     6.32591474e+02     4.01717925e+04     3.51924789e+01   3.53815721e+01   3.22622183e+01   1.03471373e-01   9.61579120e-01  -4.52391569e-01 
    5.10000000e+03     5.10000000e+00    -4.62599634e+01     4.89069457e+02     5.30769112e+01    -2.98107909e+03     4.99892135e+02     3.95779427e+04     3.50822272e+01   3.49780479e+01   3.22530277e+01  -2.47782441e-01  -2.78465631e-01  -3.16340856e-02 
    5.20000000e+03     5.20000000e+00    -4.57629288e+01     4.86182855e+02     5.23029560e+01    -2.98272041e+03    -2.55009623e+02     4.04764686e+04     3.54110206e+01   3.51307146e+01   3.25369760e+01  -7.04955439e-01   6.48030877e-01   3.56819180e-01 
    5.30000000e+03     5.30000000e+00    -4.52304525e+01     4.86483960e+02     5.25673342e+01    -2.98205193e+03     1.25202865e+02     3.94123937e+04     3.50221031e+01   3.49759760e+01   3.21751624e+01  -1.04158588e-01   2.11813581e-01  -3.88621355e-01 
    5.40000000e+03     5.40000000e+00    -4.48207323e+01     4.91135882e+02     5.31704748e+01    -2.98237022e+03    -9.61346011e+01     4.02820723e+04     3.54981783e+01   3.54556590e+01   3.20051728e+01   2.70189762e-01  -1.74954293e-01   5.38792539e-01 
    5.50000000e+03     5.50000000e+00    -4.42897386e+01     4.82432712e+02     5.44271049e+01    -2.98055461e+03     3.52426945e+02     4.04260131e+04     3.49990065e+01   3.51353784e+01   3.28746063e+01  -2.55824958e-01  -3.28100208e-01  -9.71339644e-01 
    5.60000000e+03     5.60000000e+00    -4.38052943e+01     4.83349372e+02     5.25451534e+01    -2.97927897e+03    -4.97419132e+02     4.04185021e+04     3.54207218e+01   3.52929346e+01   3.23321836e+01   2.31069904e-01   8.22573011e-01  -5.58952818e-01 
    5.70000000e+03     5.70000000e+00    -4.33149294e+01     4.93607942e+02     5.34433164e+01    -2.98143470e+03     4.87257595e+02     3.99767036e+04     3.51607064e+01   3.52836613e+01   3.22237252e+01   1.15907916e-01   7.94407736e-01   1.05951222e+00 
    5.80000000e+03     5.80000000e+00    -4.28591396e+01     4.91175641e+02     5.27240282e+01    -2.98361115e+03     1.32312661e+02     4.02291643e+04     3.52459623e+01   3.52173394e+01   3.24097063e+01  -2.94512869e-01  -7.71158396e-01  -1.54861111e-01 
    5.90000000e+03     5.90000000e+00    -4.22246066e+01     4.85759299e+02     5.29671275e+01    -2.98126832e+03    -1.20552408e+02     4.02740754e+04     3.52205450e+01   3.50280389e+01   3.26447753e+01  -1.30899130e-01  -2.58278403e-01  -4.28982148e-01 
    6.00000000e+03     6.00000000e+00    -4.16707499e+01     4.92045968e+02     5.34217283e+01    -2.98049279e+03     6.17494046e+02     4.04535156e+04     3.52694081e+01   3.53245427e+01   3.24699447e+01   2.22639545e-01   2.64955976e-02   6.32166680e-01 
    6.10000000e+03     6.10000000e+00    -4.12199711e+01     4.90973112e+02     5.23941893e+01    -2.98287440e+03    -2.83017838e+02     4.02171631e+04     3.50567390e+01   3.52182642e+01   3.25740658e+01  -8.12959114e-02  -1.16340844e-01   2.88069209e-02 
    6.20000000e+03     6.20000000e+00    -4.06678455e+01     4.84998262e+02     5.25432177e+01    -2.98389652e+03    -2.77206744e+02     4.01640520e+04     3.52255858e+01   3.52754138e+01   3.23226664e+01   1.51015422e-01  -7.39564309e-01   3.39029119e-01 
    6.30000000e+03     6.30000000e+00    -4.02156868e+01     4.82334845e+02     5.43087021e+01    -2.98061987e+03     4.77586218e+02     3.98799301e+04     3.49133295e+01   3.53882981e+01   3.22777642e+01   3.40669058e-01  -4.11091229e-01   2.29607617e-01 
    6.40000000e+03     6.40000000e+00    -3.97078386e+01     4.90525074e+02     5.26082776e+01    -2.98179113e+03     2.96951923e+02     4.03067371e+04     3.53441419e+01   3.49368500e+01   3.26419771e+01  -1.92202718e-01   1.00420544e+00  -7.87441143e-01 
    6.50000000e+03     6.50000000e+00    -3.91752217e+01     4.93250454e+02     5.28571248e+01    -2.98058408e+03    -3.20679458e+02     4.09969467e+04     3.52890220e+01   3.53545339e+01   3.28599406e+01   1.30809186e-01  -5.61336933e-01  -7.51088338e-01 
    6.60000000e+03     6.60000000e+00    -3.87124121e+01     4.84604685e+02     5.27412608e+01    -2.98147158e+03     1.07336649e+02     3.98354967e+04     3.52154473e+01   3.51834927e+01   3.21512659e+01   3.90494489e-01   6.71455019e-01   4.12596913e-01 
    6.70000000e+03     6.70000000e+00    -3.82460379e+01     4.87261248e+02     5.26031662e+01    -2.97945751e+03    -3.25654679e+02     4.07435458e+04     3.55262351e+01   3.51676831e+01   3.26111323e+01  -4.58714011e-01  -2.39583090e-01   1.11077811e+00 
    6.80000000e+03     6.80000000e+00    -3.77010365e+01     4.86286319e+02     5.29212714e+01    -2.97978766e+03    -2.66548691e+02     4.09682687e+04     3.50013710e+01   3.55038254e+01   3.29676056e+01   7.59406582e-01  -1.15701195e-01  -3.69941908e-01 
    6.90000000e+03     6.90000000e+00    -3.72250679e+01     4.82295838e+02     5.34620335e+01    -2.98164537e+03     2.57888392e+02     3.98156103e+04     3.52779992e+01   3.50882445e+01   3.21653137e+01  -1.50845237e-01  -1.37309961e-02   4.25493958e-01 
    7.00000000e+03     7.00000000e+00    -3.67484024e+01     4.84086014e+02     5.23806532e+01    -2.98089926e+03     2.41146499e+02     4.00278168e+04     3.53785334e+01   3.52562881e+01   3.20911656e+01  -1.04554884e-02  -5.46009607e-01   2.68640175e-01 
    7.10000000e+03     7.10000000e+00    -3.61959109e+01     4.84797189e+02     5.28303337e+01    -2.98291689e+03    -2.95508132e+02     4.03772446e+04     3.51172642e+01   3.53545811e+01   3.25214804e+01   7.19472382e-01   3.92880048e-01  -5.33336143e-01 
    7.20000000e+03     7.20000000e+00    -3.57833338e+01     4.91144006e+02     5.34251360e+01    -2.98261670e+03    -9.88752240e+01     4.00981450e+04     3.52235536e+01   3.52334078e+01   3.23099632e+01   5.10874934e-02  -3.97288056e-01  -1.21619590e-01 
    7.30000000e+03     7.30000000e+00    -3.53283871e+01     4.86849946e+02     5.26498392e+01    -2.97956936e+03     2.11091731e+00     4.06314787e+04     3.52948341e+01   3.50285701e+01   3.28646546e+01   1.36088685e-01  -2.51118486e-01  -4.14188830e-01 
    7.40000000e+03     7.40000000e+00    -3.48101744e+01     4.92703938e+02     5.31554417e+01    -2.98329476e+03     4.60202867e+02     4.05419220e+04     3.51467246e+01   3.51948938e+01   3.27747824e+01  -5.26107561e-02   8.96563996e-01   4.60021027e-01 
    7.50000000e+03     7.50000000e+00    -3.42848262e+01     4.88037808e+02     5.36823739e+01    -2.97906518e+03     3.22798208e+02     4.01215975e+04     3.53836377e+01   3.52330633e+01   3.21829118e+01  -3.54965542e-01  -1.23637263e-01  -1.47654447e-01 
    7.60000000e+03     7.60000000e+00    -3.38114781e+01     4.87683432e+02     5.26000453e+01    -2.97781789e+03    -9.25902211e+02     4.09570643e+04     3.52524574e+01   3.52882297e+01   3.29237695e+01   5.63851962e-01  -8.47979543e-02   7.02231692e-02 
    7.70000000e+03     7.70000000e+00    -3.33072434e+01     4.88936877e+02     5.25795672e+01    -2.98051601e+03    -7.07418473e+02     4.07251287e+04     3.53661947e+01   3.53377577e+01   3.25863069e+01  -2.11235425e-01   6.45391595e-01  -7.80759435e-01 
    7.80000000e+03     7.80000000e+00    -3.27839182e+01     4.94500902e+02     5.20790096e+01    -2.98303177e+03     4.83633052e+02     4.03720692e+04     3.50061615e+01   3.52127554e+01   3.27519006e+01   1.82338531e-01  -7.15322518e-02  -2.97042716e-01 
    7.90000000e+03     7.90000000e+00    -3.23017202e+01     4.85471432e+02     5.25195990e+01    -2.98300156e+03    -1.58533712e+02     4.08337582e+04     3.53527839e+01   3.53645220e+01   3.26608844e+01  -1.76893102e-01  -1.12618966e-01  -9.29743584e-02 
    8.00000000e+03     8.00000000e+00    -3.18550944e+01     4.86583754e+02     5.30646069e+01    -2.98252269e+03    -3.47739595e+02     4.02637523e+04     3.50802506e+01   3.51885771e+01   3.26174386e+01  -1.84575888e-01   2.19840889e-01  -4.71695907e-01 
    8.10000000e+03     8.10000000e+00    -3.13808990e+01     4.88163114e+02     5.32060969e+01    -2.98262994e+03    -2.35706753e+02     4.06986766e+04     3.53361624e+01   3.54662819e+01   3.24747071e+01   4.98612820e-01  -1.00577534e-01  -1.70903940e-01 
    8.20000000e+03     8.20000000e+00    -3.09253176e+01     4.84073191e+02     5.30818808e+01    -2.98313126e+03    -6.44765525e+02     4.02370977e+04     3.52806732e+01   3.53953330e+01   3.22213536e+01  -4.12482252e-01   7.52086093e-01  -1.62896274e-01 
    8.30000000e+03     8.30000000e+00    -3.04715177e+01     4.84193312e+02     5.21452907e+01    -2.98357994e+03    -3.62509671e+02     4.06866877e+04     3.54129712e+01   3.52793802e+01   3.25663453e+01  -5.40448259e-01  -2.44209907e-01   5.91039528e-01 
    8.40000000e+03     8.40000000e+00    -3.00456865e+01     4.88198127e+02     5.36688652e+01    -2.98296890e+03     2.38772474e+01     4.08676971e+04     3.53305598e+01   3.53844999e+01   3.26901253e+01   6.42645394e-02  -4.55500473e-01   1.09830172e+00 
    8.50000000e+03     8.50000000e+00    -2.95236102e+01     4.86734965e+02     5.31687148e+01    -2.98166118e+03     2.05552209e+02     4.01486313e+04     3.54461908e+01   3.52245575e+01   3.21555267e+01  -7.13714599e-02   5.25749330e-01  -3.77761136e-01 
    8.60000000e+03     8.60000000e+00    -2.90796034e+01     4.88392985e+02     5.33863929e+01    -2.97888460e+03     1.28634701e+01     4.02761206e+04     3.52840599e+01   3.49971503e+01   3.26164281e+01   2.62820317e-01  -3.78062406e-01   1.14185984e-01 
    8.70000000e+03     8.70000000e+00    -2.85834280e+01     4.84855835e+02     5.30079294e+01    -2.98081369e+03    -7.95496696e+01     4.15227182e+04     3.54839567e+01   3.53103552e+01   3.31399347e+01  -2.72775865e-01   3.99375452e-01   5.36786631e-01 
    8.80000000e+03     8.80000000e+00    -2.80548986e+01     4.88538950e+02     5.27776067e+01    -2.98099774e+03     6.92023542e+01     4.05149713e+04     3.52075475e+01   3.52297157e+01   3.26640945e+01   1.36125284e-02   1.77738242e-01  -6.63528570e-01 
    8.90000000e+03     8.90000000e+00    -2.76075647e+01     4.87005209e+02     5.23008931e+01    -2.98184951e+03    -2.08073045e+01     4.03117289e+04     3.54904307e+01   3.51238892e+01   3.23383275e+01  -4.19299411e-01   1.26294457e-01   7.01322855e-01 
    9.00000000e+03     9.00000000e+00    -2.70950773e+01     4.86360061e+02     5.29840808e+01    -2.98305733e+03     5.52081340e+02     3.98520122e+04     3.49009924e+01   3.53782516e+01   3.22757328e+01   6.98730191e-01  -5.72445164e-02   3.26747386e-02 
    9.10000000e+03     9.10000000e+00    -2.66203373e+01     4.89397341e+02     5.35944370e+01    -2.98157321e+03    -1.37686717e+02     4.06136756e+04     3.53430192e+01   3.51558363e+01   3.26867104e+01  -1.21591199e-02  -5.32204729e-01   1.11956564e+00 
    9.20000000e+03     9.20000000e+00    -2.62052460e+01     4.80212405e+02     5.30619665e+01    -2.97996987e+03     3.08162735e+02     4.03168983e+04     3.51396305e+01   3.54314502e+01   3.23818006e+01  -5.79368239e-02   1.28449703e-01   3.45110530e-02 
    9.30000000e+03     9.30000000e+00    -2.56461154e+01     4.84639873e+02     5.25561254e+01    -2.98150144e+03    -2.05465231e+01     4.05263174e+04     3.51305852e+01   3.52326083e+01   3.27421325e+01   2.98326486e-01  -6.53767824e-01  -7.74986421e-01 
    9.40000000e+03     9.40000000e+00    -2.52066788e+01     4.88498528e+02     5.29998758e+01    -2.98197405e+03    -3.45860918e+02     4.04629282e+04     3.51288114e+01   3.52923265e+01   3.26372505e+01  -1.23816726e-01  -1.66451923e-01   4.00783818e-01 
    9.50000000e+03     9.50000000e+00    -2.47606104e+01     4.85601538e+02     5.26579739e+01    -2.98246616e+03    -5.26895937e+01     4.02823520e+04     3.53674217e+01   3.52463603e+01   3.23144778e+01   3.04452001e-01   9.13216173e-01   5.18411079e-01 
    9.60000000e+03     9.60000000e+00    -2.42971964e+01     4.86243815e+02     5.29299796e+01    -2.98164719e+03     5.60044698e+01     4.02856082e+04     3.51755758e+01   3.53031148e+01   3.24411084e+01   2.57899982e-02  -4.37329464e-01  -7.57213695e-02 
    9.70000000e+03     9.70000000e+00    -2.38103592e+01     4.85331208e+02     5.20199308e+01    -2.98095656e+03    -6.08958286e+01     4.06312170e+04     3.54466062e+01   3.52162183e+01   3.25493599e+01  -6.62461508e-01  -1.14410206e+00  -5.59857795e-01 
    9.80000000e+03     9.80000000e+00    -2.32829991e+01     4.84810522e+02     5.34047709e+01    -2.98029235e+03    -5.62218312e+02     4.06383597e+04     3.52701109e+01   3.53804033e+01   3.25661610e+01   4.20618986e-01   4.53471916e-01  -2.15451368e-01 
    9.90000000e+03     9.90000000e+00    -2.27486369e+01     4.84434168e+02     5.22091889e+01    -2.98475542e+03     3.70727639e+01     3.99395634e+04     3.52153420e+01   3.51453231e+01   3.22703638e+01  -7.30500226e-03   7.87261436e-02   4.24505819e-01 
    1.00000000e+04     1.00000000e+01    -2.21855906e+01     4.83045190e+02     5.32851830e+01    -2.98353947e+03    -1.46437579e+02     4.09331969e+04     3.53156409e+01   3.52955190e+01   3.28389302e+01   9.29954434e-02  -2.45016951e-01   4.84851095e-01 
    1.01000000e+04     1.01000000e+01    -2.17464206e+01     4.82596656e+02     5.35519905e+01    -2.98322571e+03     2.20859898e+02     4.02582195e+04     3.52899476e+01   3.51013188e+01   3.24997572e+01  -2.64891249e-02   7.50198580e-01  -2.79079066e-01 
    1.02000000e+04     1.02000000e+01    -2.12121604e+01     4.84681760e+02     5.31633066e+01    -2.98218388e+03    -7.64346599e+01     3.97513751e+04     3.51425579e+01   3.52539706e+01   3.20856432e+01  -3.03529842e-03  -1.65011284e-01   2.18849216e-01 
    1.03000000e+04     1.03000000e+01    -2.06575497e+01     4.91728913e+02     5.35983855e+01    -2.98185652e+03     1.34994241e+02     3.99253117e+04     3.52414346e+01   3.52814870e+01   3.21105582e+01  -2.89556759e-01  -8.30581841e-01  -1.15604963e+00 
    1.04000000e+04     1.04000000e+01    -2.01500354e+01     4.86126827e+02     5.26133059e+01    -2.98236497e+03    -1.50605718e+02     4.00631663e+04     3.52164436e+01   3.51626124e+01   3.23533042e+01  -4.91843579e-01   2.97633082e-01   3.07273836e-01 
    1.05000000e+04     1.05000000e+01    -1.96626782e+01     4.87314731e+02     5.31781499e+01    -2.98232866e+03     3.42051441e+02     4.07207183e+04     3.50850372e+01   3.53405163e+01   3.28413195e+01  -3.43542802e-01   1.84546180e-01   4.69987868e-01 
    1.06000000e+04     1.06000000e+01    -1.92139112e+01     4.87162082e+02     5.36264641e+01    -2.97944841e+03     3.80719096e+02     3.97546495e+04     3.51210033e+01   3.51636775e+01   3.21904262e+01   5.51886448e-02  -3.41946154e-01  -2.08507628e-01 
    1.07000000e+04     1.07000000e+01    -1.87013791e+01     4.83868307e+02     5.30294903e+01    -2.97918179e+03     2.26988813e+02     4.03905645e+04     3.53687704e+01   3.52461863e+01   3.24002102e+01   1.07312754e-01  -4.48027596e-02   1.84673216e-01 
    1.08000000e+04     1.08000000e+01    -1.81523731e+01     4.89568502e+02     5.38094139e+01    -2.98054858e+03    -2.03583121e+01     4.04207532e+04     3.53029543e+01   3.49757561e+01   3.27360473e+01  -1.11428752e-01  -5.69064486e-01  -2.41181816e-01 
    1.09000000e+04     1.09000000e+01    -1.75733552e+01     4.87568742e+02     5.37128411e+01    -2.98140147e+03    -2.98562670e+02     4.08274645e+04     3.54218283e+01   3.52803539e+01   3.26699525e+01   2.81187119e-01   6.18294256e-01  -3.56778469e-01 
    1.10000000e+04     1.10000000e+01    -1.71552138e+01     4.92938023e+02     5.31377889e+01    -2.98234451e+03     2.13008296e+02     4.02563441e+04     3.52684959e+01   3.51614830e+01   3.24623689e+01  -8.32385644e-02   2.65943853e-01   7.03414225e-01 
    1.11000000e+04     1.11000000e+01    -1.66970084e+01     4.89976825e+02     5.41959423e+01    -2.98256931e+03     5.32646194e+02     4.00071724e+04     3.52402864e+01   3.52191810e+01   3.22343692e+01  -1.67095833e-01  -7.46121108e-01   5.05925419e-01 
    1.12000000e+04     1.12000000e+01    -1.61826964e+01     4.89236864e+02     5.40603207e+01    -2.98309272e+03     2.59936054e+02     4.06670680e+04     3.53931339e+01   3.54952167e+01   3.23708430e+01  -2.09378547e-01   6.31015701e-01   1.03023891e-02 
    1.13000000e+04     1.13000000e+01    -1.56638283e+01     4.87233226e+02     5.35407359e+01    -2.98064656e+03     4.50679413e+02     4.04254975e+04     3.52527119e+01   3.53802660e+01   3.24116953e+01   1.25139067e-01  -6.31711806e-01  -5.84562812e-01 
    1.14000000e+04     1.14000000e+01    -1.51297497e+01     4.86372837e+02     5.35002851e+01    -2.98149196e+03     8.16934093e+02     3.94422934e+04     3.48124309e+01   3.51535537e+01   3.22298715e+01   9.35775125e-02  -5.38149336e-01  -9.62515228e-02 
    1.15000000e+04     1.15000000e+01    -1.46169025e+01     4.83777671e+02     5.42140476e+01    -2.97764548e+03     2.89008582e+01     4.09010317e+04     3.53198506e+01   3.54003867e+01   3.27120227e+01  -3.07512851e-01   7.00875499e-03   3.83078107e-01 
    1.16000000e+04     1.16000000e+01    -1.41177400e+01     4.82731867e+02     5.30345239e+01    -2.97987059e+03    -9.68244008e+01     4.00936277e+04     3.53761065e+01   3.51543018e+01   3.22393921e+01   2.31701734e-01   1.07843633e+00  -3.70201937e-01 
    1.17000000e+04     1.17000000e+01    -1.35592847e+01     4.91438626e+02     5.27190497e+01    -2.98104328e+03    -1.70322529e+02     4.04414670e+04     3.53227967e+01   3.53793245e+01   3.23610261e+01  -4.31537202e-01   2.14753588e-01   2.16858690e-01 
    1.18000000e+04     1.18000000e+01    -1.30470367e+01     4.93346434e+02     5.35428975e+01    -2.98115756e+03    -3.72203863e+02     4.07581660e+04     3.53490159e+01   3.52027798e+01   3.27536985e+01  -2.06175125e-02  -1.14082480e+00   1.29504547e-01 
    1.19000000e+04     1.19000000e+01    -1.25432543e+01     4.92878671e+02     5.31612358e+01    -2.98029760e+03     1.08123809e+02     4.15915408e+04     3.54684738e+01   3.54660041e+01   3.30636084e+01  -1.11434281e-02   1.30837744e-01  -2.44143871e-01 
    1.20000000e+04     1.20000000e+01    -1.20706911e+01     4.93973582e+02     5.25754699e+01    -2.98099451e+03    -1.01358222e+02     4.06109643e+04     3.52766519e+01   3.51963062e+01   3.27083664e+01   5.75239146e-02  -5.09316025e-01  -4.35226851e-01 
    1.21000000e+04     1.21000000e+01    -1.15365297e+01     4.89705300e+02     5.37404910e+01    -2.98185902e+03     1.14121969e+02     4.04528408e+04     3.52989383e+01   3.55498449e+01   3.22366328e+01  -3.99051213e-01   3.29437947e-01  -3.04743315e-01 
    1.22000000e+04     1.22000000e+01    -1.09308234e+01     4.88860243e+02     5.35812421e+01    -2.97940361e+03    -2.20357831e+02     4.04809137e+04     3.52761280e+01   3.50421428e+01   3.27475445e+01   2.76936634e-01   8.73066120e-02   4.74974656e-01 
    1.23000000e+04     1.23000000e+01    -1.04054191e+01     4.95576054e+02     5.39992945e+01    -2.97973478e+03     5.03220095e+02     4.00104956e+04     3.50889126e+01   3.54630656e+01   3.21534623e+01   3.06519446e-01  -3.12522748e-01   1.97708788e-01 
    1.24000000e+04     1.24000000e+01    -9.91591537e+00     4.80916909e+02     5.25867078e+01    -2.98321339e+03    -6.08703268e+01     4.03389620e+04     3.51498103e+01   3.52439245e+01   3.25624798e+01  -2.10631227e-01  -1.85148021e-01  -1.02602298e+00 
    1.25000000e+04     1.25000000e+01    -9.43454600e+00     4.87813486e+02     5.32359944e+01    -2.98090252e+03     2.28775275e+02     4.05109770e+04     3.52124808e+01   3.54394727e+01   3.24630143e+01  -1.56765690e-02   6.23192020e-02   6.36589025e-01 
    1.26000000e+04     1.26000000e+01    -8.91559404e+00     4.79824435e+02     5.26689091e+01    -2.97996917e+03    -1.66937431e+02     3.99519363e+04     3.51124569e+01   3.51012682e+01   3.24155807e+01   1.95780446e-01  -4.03740014e-02   6.80670186e-03 
    1.27000000e+04     1.27000000e+01    -8.43903472e+00     4.89001449e+02     5.33360029e+01    -2.98387056e+03     2.62492163e+02     4.04222043e+04     3.55781827e+01   3.51198137e+01   3.23507258e+01  -5.66424598e-01  -1.88643779e-01  -2.20767319e-01 
    1.28000000e+04     1.28000000e+01    -7.92455587e+00     4.83239106e+02     5.25444903e+01    -2.98331863e+03     2.94679240e+02     4.01180372e+04     3.49560123e+01   3.53291039e+01   3.24851720e+01   5.13360319e-01   1.30890478e-01   7.42485634e-02 
    1.29000000e+04     1.29000000e+01    -7.52757440e+00     4.82426657e+02     5.25692395e+01    -2.98184711e+03    -3.56108754e+02     4.00556182e+04     3.51553151e+01   3.53671293e+01   3.22160755e+01   5.67198131e-02   3.52861855e-01  -4.32862344e-01 
    1.30000000e+04     1.30000000e+01    -7.06052887e+00     4.88014215e+02     5.28508544e+01    -2.97985572e+03    -6.31602807e+02     4.09621464e+04     3.55686867e+01   3.55424368e+01   3.24016910e+01  -1.55813389e-01   4.48945831e-02  -4.33818611e-02 
    1.31000000e+04     1.31000000e+01    -6.58532798e+00     4.88207046e+02     5.30618424e+01    -2.98201855e+03     1.20018752e+00     4.01634097e+04     3.50994065e+01   3.49743974e+01   3.27175340e+01   1.66421459e-01  -6.16894206e-01   3.55854574e-01 
    1.32000000e+04     1.32000000e+01    -6.09192752e+00     4.96925189e+02     5.29689955e+01    -2.98179901e+03     2.60683345e+01     3.99902129e+04     3.53621522e+01   3.53253660e+01   3.20131461e+01   4.43444916e-02   1.14033111e-01  -4.90268407e-01 
    1.33000000e+04     1.33000000e+01    -5.54729644e+00     4.88697494e+02     5.40955237e+01    -2.98151268e+03     1.23938310e+02     4.01513913e+04     3.53082854e+01   3.52755190e+01   3.22366985e+01  -1.00341033e-01  -2.11684446e-01   2.97202226e-01 
    1.34000000e+04     1.34000000e+01    -5.09911389e+00     4.81697930e+02     5.31076414e+01    -2.98069430e+03    -1.12953192e+02     4.00443798e+04     3.54030091e+01   3.49874938e+01   3.23287238e+01  -1.36148093e-01   4.97568866e-01   2.36468955e-01 
    1.35000000e+04     1.35000000e+01    -4.62368682e+00     4.88522801e+02     5.33068658e+01    -2.98187159e+03    -5.47262980e+01     4.09436600e+04     3.52395190e+01   3.55106098e+01   3.27188898e+01   3.72521645e-01   4.49746230e-01   6.42479642e-01 
    1.36000000e+04     1.36000000e+01    -4.13017971e+00     4.91602771e+02     5.28125680e+01    -2.98073348e+03    -8.80098330e+01     4.09680268e+04     3.50909981e+01   3.51804658e+01   3.31854522e+01  -2.65660870e-02  -3.69186454e-01   4.84031026e-01 
    1.37000000e+04     1.37000000e+01    -3.54916578e+00     4.83155194e+02     5.32141311e+01    -2.97986786e+03    -3.95519120e+02     4.07099074e+04     3.53148749e+01   3.56985512e+01   3.22917700e+01  -1.92065543e-01   1.66367397e-01  -1.92117250e-01 
    1.38000000e+04     1.38000000e+01    -3.05545490e+00     4.84902197e+02     5.41461141e+01    -2.97994787e+03     3.11899548e+02     4.06385680e+04     3.49139744e+01   3.54681924e+01   3.28170888e+01   5.51816397e-01   2.64374283e-02  -1.25495530e+00 
    1.39000000e+04     1.39000000e+01    -2.52915274e+00     4.85305392e+02     5.29114863e+01    -2.98285833e+03     4.16977177e+02     3.99782671e+04     3.51893745e+01   3.53246624e+01   3.21613595e+01  -1.52306966e-01   2.06241951e-01  -7.96513502e-03 
    1.40000000e+04     1.40000000e+01    -2.01804273e+00     4.83032764e+02     5.29483760e+01    -2.98050782e+03    -2.50085446e+02     4.10499158e+04     3.54026685e+01   3.53179796e+01   3.28307210e+01  -2.64455634e-01   2.81466621e-01  -1.32093232e-01 
    1.41000000e+04     1.41000000e+01    -1.49235782e+00     4.89953498e+02     5.26492410e+01    -2.98047730e+03    -1.50317263e+03     4.08706842e+04     3.54110216e+01   3.54263973e+01   3.25796536e+01  -8.14975396e-02  -4.21188995e-01   2.23134681e-01 
    1.42000000e+04     1.42000000e+01    -1.04524056e+00     4.86030049e+02     5.26061296e+01    -2.98244457e+03     1.31326474e+02     4.02432476e+04     3.53232188e+01   3.54778255e+01   3.21126211e+01   2.69078997e-01   2.87056889e-01  -8.90577421e-01 
    1.43000000e+04     1.43000000e+01    -6.10180193e-01     4.86855725e+02     5.34264085e+01    -2.97930275e+03     2.80099469e+02     3.97967028e+04     3.49991675e+01   3.50720748e+01   3.24211129e+01  -3.26913201e-01  -3.08761865e-02   1.21395410e+00 
    1.44000000e+04     1.44000000e+01    -9.95617022e-02     4.80038443e+02     5.30059625e+01    -2.98137757e+03    -6.32202193e+02     4.10505621e+04     3.51664613e+01   3.53489409e+01   3.30228106e+01  -3.50439106e-01   8.79054504e-01   4.90556491e-02 
    1.45000000e+04     1.45000000e+01     4.11191505e-01     4.91806643e+02     5.24355556e+01    -2.98309004e+03    -4.20014146e+02     4.03613153e+04     3.51730975e+01   3.54539794e+01   3.23660505e+01   4.37846956e-01  -7.98747095e-01  -2.15070492e-01 
    1.46000000e+04     1.46000000e+01     8.71234703e-01     4.81727374e+02     5.26941801e+01    -2.98127126e+03     4.52078512e+00     3.98944593e+04     3.51670939e+01   3.51981817e+01   3.22296712e+01   2.51138714e-01   6.02005570e-02   3.84124620e-01 
    1.47000000e+04     1.47000000e+01     1.45283546e+00     4.94986055e+02     5.32897660e+01    -2.98332140e+03    -5.05583348e+01     4.05104636e+04     3.54332156e+01   3.52579569e+01   3.24264574e+01  -1.62357120e-01   6.38016495e-01  -1.67900732e-01 
    1.48000000e+04     1.48000000e+01     1.98136379e+00     4.84694491e+02     5.31130089e+01    -2.97831862e+03     1.73112733e+02     4.08629797e+04     3.52069588e+01   3.52499056e+01   3.29263478e+01  -2.52340906e-01   2.85447265e-01  -2.19147786e-01 
    1.49000000e+04     1.49000000e+01     2.46627481e+00     4.86357498e+02     5.31655116e+01    -2.97985475e+03    -1.68824455e+02     3.99019774e+04     3.52332536e+01   3.51439059e+01   3.22249047e+01   5.43055993e-01  -4.92020812e-01  -2.00844147e-01 
    1.50000000e+04     1.50000000e+01     3.02010836e+00     4.86280589e+02     5.30852168e+01    -2.98153070e+03    -2.28356706e+02     4.12458026e+04     3.54743707e+01   3.53578437e+01   3.28835947e+01  -4.83301415e-01  -2.43542576e-01  -3.41256884e-01 
    1.51000000e+04     1.51000000e+01     3.51909104e+00     4.91246013e+02     5.28122748e+01    -2.98236416e+03    -7.75982355e+02     4.05407031e+04     3.52371810e+01   3.53887351e+01   3.25106070e+01   3.50589768e-01  -1.55299673e-01   4.88304291e-01 
    1.52000000e+04     1.52000000e+01     4.05838131e+00     4.88516499e+02     5.26013460e+01    -2.98199885e+03    -2.12466488e+02     4.06290711e+04     3.54042525e+01   3.51360428e+01   3.26609352e+01   3.99486118e-01  -6.06692849e-01  -6.14986155e-03 
    1.53000000e+04     1.53000000e+01     4.60238989e+00     4.85049841e+02     5.33731871e+01    -2.97989315e+03    -4.06042495e+02     4.08752783e+04     3.53790720e+01   3.54080569e+01   3.26296331e+01  -2.92638295e-01  -6.13048973e-01   1.10962870e-01 
    1.54000000e+04     1.54000000e+01     5.10558979e+00     4.89859478e+02     5.36637855e+01    -2.97912631e+03    -3.58346700e+02     4.09927220e+04     3.54722449e+01   3.53805212e+01   3.26628335e+01  -2.37855510e-01   5.01045512e-01   9.04254754e-02 
    1.55000000e+04     1.55000000e+01     5.63268483e+00     4.88456001e+02     5.21061873e+01    -2.98210472e+03    -3.34523104e+02     4.07203111e+04     3.52811085e+01   3.51374893e+01   3.28471837e+01  -2.07372796e-01   7.42138028e-02  -5.77595032e-01 
    1.56000000e+04     1.56000000e+01     6.12618729e+00     4.85795856e+02     5.26281722e+01    -2.97977023e+03    -3.75680737e+02     4.02522990e+04     3.53931272e+01   3.52744241e+01   3.22412463e+01  -1.47949617e-01  -8.62238294e-01   2.68526926e-01 
    1.57000000e+04     1.57000000e+01     6.68196371e+00     4.89291168e+02     5.35908777e+01    -2.97931295e+03     7.74064064e+02     4.04961289e+04     3.49741980e+01   3.54628494e+01   3.26506715e+01   3.30387233e-01   9.70091520e-01   8.15716351e-01 
    1.58000000e+04     1.58000000e+01     7.18980998e+00     4.82264016e+02     5.25821932e+01    -2.98079907e+03    -4.72704578e+02     4.08593530e+04     3.50849042e+01   3.53661696e+01   3.29293505e+01  -1.75213290e-01   5.80805462e-01  -4.23323760e-01 
    1.59000000e+04     1.59000000e+01     7.70163625e+00     4.83278782e+02     5.26590399e+01    -2.98345395e+03    -3.66904965e+01     3.98176723e+04     3.54805619e+01   3.51970375e+01   3.18844748e+01   4.55797111e-02   1.96082198e-02   5.27719736e-01 
    1.60000000e+04     1.60000000e+01     8.17338700e+00     4.87305687e+02     5.33675877e+01    -2.98140395e+03     2.45191914e+02     4.03632461e+04     3.51937450e+01   3.50857009e+01   3.26881578e+01  -3.75997930e-01  -2.60812749e-01  -1.38824072e-01 
