Loading rhel8/default-amp
  Loading requirement: dot rhel8/slurm singularity/current rhel8/global
    cuda/11.4 libpciaccess/0.16/gcc-9.4.0-6fonbj6
    libiconv/1.16/gcc-9.4.0-ahebbov libxml2/2.9.12/gcc-9.4.0-gnknt5e
    ncurses/6.2/gcc-9.4.0-aiirok7 hwloc/2.5.0/gcc-9.4.0-7sqomga
    libevent/2.1.12/gcc-9.4.0-hgny7cm numactl/2.0.14/gcc-9.4.0-52dwc6n
    cuda/11.4.0/gcc-9.4.0-3hnxhjt gdrcopy/2.2/gcc-9.4.0-e4igtfp
    knem/1.1.4/gcc-9.4.0-bpbxgva libnl/3.3.0/gcc-9.4.0-whwhrwb
    rdma-core/34.0/gcc-9.4.0-5eo5n2u ucx/1.11.1/gcc-9.4.0-lktqyl4
    openmpi/4.1.1/gcc-9.4.0-epagguv
                Step[ FC]     Time          Energy          fmax
*Force-consistent energies used in optimization.
BFGSLineSearch:    0[  0] 16:28:46     -449.351250*       0.0000
BFGSLineSearch:    1[  2] 16:28:57     -449.351250*       0.0000
BFGSLineSearch:    2[  4] 16:28:57     -449.351250*       0.0000
BFGSLineSearch:    3[  6] 16:28:57     -449.351250*       0.0000
BFGSLineSearch:    4[  8] 16:28:57     -449.351250*       0.0000
BFGSLineSearch:    5[ 10] 16:28:57     -449.351250*       0.0000
BFGSLineSearch:    6[ 12] 16:28:57     -449.351250*       0.0000
BFGSLineSearch:    7[ 14] 16:28:57     -449.351250*       0.0000
BFGSLineSearch:    8[ 16] 16:28:57     -449.351250*       0.0000
BFGSLineSearch:    9[ 18] 16:28:57     -449.351250*       0.0000
BFGSLineSearch:   10[ 20] 16:28:58     -449.351250*       0.0000
BFGSLineSearch:   11[ 22] 16:28:58     -449.351250*       0.0000
BFGSLineSearch:   12[ 24] 16:28:58     -449.351250*       0.0000
BFGSLineSearch:   13[ 26] 16:28:58     -449.351250*       0.0000
BFGSLineSearch:   14[ 28] 16:28:58     -449.351250*       0.0000
BFGSLineSearch:   15[ 30] 16:28:58     -449.351250*       0.0000
BFGSLineSearch:   16[ 32] 16:28:58     -449.351250*       0.0000
BFGSLineSearch:   17[ 34] 16:28:58     -449.351250*       0.0000
BFGSLineSearch:   18[ 36] 16:28:58     -449.351250*       0.0000
BFGSLineSearch:   19[ 38] 16:28:59     -449.351250*       0.0000
BFGSLineSearch:   20[ 40] 16:28:59     -449.351250*       0.0000
BFGSLineSearch:   21[ 42] 16:28:59     -449.351250*       0.0000
BFGSLineSearch:   22[ 44] 16:28:59     -449.351250*       0.0000
BFGSLineSearch:   23[ 46] 16:28:59     -449.351250*       0.0000
BFGSLineSearch:   24[ 48] 16:28:59     -449.351250*       0.0000
BFGSLineSearch:   25[ 50] 16:28:59     -449.351250*       0.0000
BFGSLineSearch:   26[ 52] 16:28:59     -449.351250*       0.0000
BFGSLineSearch:   27[ 54] 16:28:59     -449.351250*       0.0000
BFGSLineSearch:   28[ 56] 16:29:00     -449.351250*       0.0000
BFGSLineSearch:   29[ 58] 16:29:00     -449.351250*       0.0000
BFGSLineSearch:   30[ 60] 16:29:00     -449.351250*       0.0000
BFGSLineSearch:   31[ 62] 16:29:00     -449.351250*       0.0000
BFGSLineSearch:   32[ 64] 16:29:00     -449.351250*       0.0000
BFGSLineSearch:   33[ 66] 16:29:00     -449.351250*       0.0000
BFGSLineSearch:   34[ 68] 16:29:00     -449.351250*       0.0000
BFGSLineSearch:   35[ 70] 16:29:00     -449.351250*       0.0000
BFGSLineSearch:   36[ 72] 16:29:00     -449.351250*       0.0000
BFGSLineSearch:   37[ 74] 16:29:01     -449.351250*       0.0000
BFGSLineSearch:   38[ 76] 16:29:01     -449.351250*       0.0000
BFGSLineSearch:   39[ 78] 16:29:01     -449.351250*       0.0000
BFGSLineSearch:   40[ 80] 16:29:01     -449.351250*       0.0000
BFGSLineSearch:   41[ 82] 16:29:01     -449.351250*       0.0000
BFGSLineSearch:   42[ 84] 16:29:01     -449.351250*       0.0000
BFGSLineSearch:   43[ 86] 16:29:01     -449.351250*       0.0000
BFGSLineSearch:   44[ 88] 16:29:01     -449.351250*       0.0000
BFGSLineSearch:   45[ 90] 16:29:01     -449.351250*       0.0000
BFGSLineSearch:   46[ 92] 16:29:02     -449.351250*       0.0000
BFGSLineSearch:   47[ 94] 16:29:02     -449.351250*       0.0000
BFGSLineSearch:   48[ 96] 16:29:02     -449.351250*       0.0000
BFGSLineSearch:   49[ 98] 16:29:02     -449.351250*       0.0000
BFGSLineSearch:   50[100] 16:29:02     -449.351250*       0.0000
BFGSLineSearch:   51[102] 16:29:02     -449.351250*       0.0000
BFGSLineSearch:   52[104] 16:29:02     -449.351250*       0.0000
BFGSLineSearch:   53[106] 16:29:02     -449.351250*       0.0000
BFGSLineSearch:   54[108] 16:29:02     -449.351250*       0.0000
BFGSLineSearch:   55[110] 16:29:03     -449.351250*       0.0000
BFGSLineSearch:   56[112] 16:29:03     -449.351250*       0.0000
BFGSLineSearch:   57[114] 16:29:03     -449.351250*       0.0000
BFGSLineSearch:   58[116] 16:29:03     -449.351250*       0.0000
BFGSLineSearch:   59[118] 16:29:03     -449.351250*       0.0000
BFGSLineSearch:   60[120] 16:29:03     -449.351250*       0.0000
BFGSLineSearch:   61[122] 16:29:03     -449.351250*       0.0000
BFGSLineSearch:   62[124] 16:29:03     -449.351250*       0.0000
BFGSLineSearch:   63[126] 16:29:03     -449.351250*       0.0000
BFGSLineSearch:   64[128] 16:29:04     -449.351250*       0.0000
BFGSLineSearch:   65[130] 16:29:04     -449.351250*       0.0000
BFGSLineSearch:   66[132] 16:29:04     -449.351250*       0.0000
BFGSLineSearch:   67[134] 16:29:04     -449.351250*       0.0000
BFGSLineSearch:   68[136] 16:29:04     -449.351250*       0.0000
BFGSLineSearch:   69[138] 16:29:04     -449.351250*       0.0000
BFGSLineSearch:   70[140] 16:29:04     -449.351250*       0.0000
BFGSLineSearch:   71[142] 16:29:04     -449.351250*       0.0000
BFGSLineSearch:   72[144] 16:29:04     -449.351250*       0.0000
BFGSLineSearch:   73[146] 16:29:05     -449.351250*       0.0000
BFGSLineSearch:   74[148] 16:29:05     -449.351250*       0.0000
BFGSLineSearch:   75[150] 16:29:05     -449.351250*       0.0000
BFGSLineSearch:   76[152] 16:29:05     -449.351250*       0.0000
BFGSLineSearch:   77[154] 16:29:05     -449.351250*       0.0000
BFGSLineSearch:   78[156] 16:29:05     -449.351250*       0.0000
BFGSLineSearch:   79[158] 16:29:05     -449.351250*       0.0000
BFGSLineSearch:   80[160] 16:29:05     -449.351250*       0.0000
BFGSLineSearch:   81[162] 16:29:05     -449.351250*       0.0000
BFGSLineSearch:   82[164] 16:29:06     -449.351250*       0.0000
BFGSLineSearch:   83[166] 16:29:06     -449.351250*       0.0000
BFGSLineSearch:   84[168] 16:29:06     -449.351250*       0.0000
BFGSLineSearch:   85[170] 16:29:06     -449.351250*       0.0000
BFGSLineSearch:   86[172] 16:29:06     -449.351250*       0.0000
BFGSLineSearch:   87[174] 16:29:06     -449.351250*       0.0000
BFGSLineSearch:   88[176] 16:29:06     -449.351250*       0.0000
BFGSLineSearch:   89[178] 16:29:06     -449.351250*       0.0000
BFGSLineSearch:   90[180] 16:29:06     -449.351250*       0.0000
BFGSLineSearch:   91[182] 16:29:06     -449.351250*       0.0000
BFGSLineSearch:   92[184] 16:29:07     -449.351250*       0.0000
BFGSLineSearch:   93[186] 16:29:07     -449.351250*       0.0000
BFGSLineSearch:   94[188] 16:29:07     -449.351250*       0.0000
BFGSLineSearch:   95[190] 16:29:07     -449.351250*       0.0000
BFGSLineSearch:   96[192] 16:29:07     -449.351250*       0.0000
BFGSLineSearch:   97[194] 16:29:07     -449.351250*       0.0000
BFGSLineSearch:   98[196] 16:29:07     -449.351250*       0.0000
BFGSLineSearch:   99[198] 16:29:07     -449.351250*       0.0000
BFGSLineSearch:  100[200] 16:29:07     -449.351250*       0.0000
BFGSLineSearch:  101[202] 16:29:08     -449.351250*       0.0000
BFGSLineSearch:  102[204] 16:29:08     -449.351250*       0.0000
BFGSLineSearch:  103[206] 16:29:08     -449.351250*       0.0000
BFGSLineSearch:  104[208] 16:29:08     -449.351250*       0.0000
BFGSLineSearch:  105[210] 16:29:08     -449.351250*       0.0000
BFGSLineSearch:  106[212] 16:29:08     -449.351250*       0.0000
BFGSLineSearch:  107[214] 16:29:08     -449.351250*       0.0000
BFGSLineSearch:  108[216] 16:29:08     -449.351250*       0.0000
BFGSLineSearch:  109[218] 16:29:08     -449.351250*       0.0000
BFGSLineSearch:  110[220] 16:29:09     -449.351250*       0.0000
BFGSLineSearch:  111[222] 16:29:09     -449.351250*       0.0000
BFGSLineSearch:  112[225] 16:29:09     -449.351250*       0.0000
BFGSLineSearch:  113[227] 16:29:09     -449.351250*       0.0000
                Step[ FC]     Time          Energy          fmax
*Force-consistent energies used in optimization.
BFGSLineSearch:    0[  0] 16:29:09     -449.351250*       0.0000
