Loading rhel8/default-amp
  Loading requirement: dot rhel8/slurm singularity/current rhel8/global
    cuda/11.4 libpciaccess/0.16/gcc-9.4.0-6fonbj6
    libiconv/1.16/gcc-9.4.0-ahebbov libxml2/2.9.12/gcc-9.4.0-gnknt5e
    ncurses/6.2/gcc-9.4.0-aiirok7 hwloc/2.5.0/gcc-9.4.0-7sqomga
    libevent/2.1.12/gcc-9.4.0-hgny7cm numactl/2.0.14/gcc-9.4.0-52dwc6n
    cuda/11.4.0/gcc-9.4.0-3hnxhjt gdrcopy/2.2/gcc-9.4.0-e4igtfp
    knem/1.1.4/gcc-9.4.0-bpbxgva libnl/3.3.0/gcc-9.4.0-whwhrwb
    rdma-core/34.0/gcc-9.4.0-5eo5n2u ucx/1.11.1/gcc-9.4.0-lktqyl4
    openmpi/4.1.1/gcc-9.4.0-epagguv
                Step[ FC]     Time          Energy          fmax
*Force-consistent energies used in optimization.
BFGSLineSearch:    0[  0] 08:46:25     -112.603725*       0.0000
BFGSLineSearch:    1[  2] 08:46:31     -112.603725*       0.0000
BFGSLineSearch:    2[  4] 08:46:31     -112.603725*       0.0000
BFGSLineSearch:    3[  6] 08:46:32     -112.603725*       0.0000
BFGSLineSearch:    4[  8] 08:46:32     -112.603725*       0.0000
BFGSLineSearch:    5[ 10] 08:46:32     -112.603725*       0.0000
BFGSLineSearch:    6[ 12] 08:46:32     -112.603725*       0.0000
BFGSLineSearch:    7[ 14] 08:46:32     -112.603725*       0.0000
BFGSLineSearch:    8[ 16] 08:46:32     -112.603725*       0.0000
BFGSLineSearch:    9[ 18] 08:46:32     -112.603725*       0.0000
BFGSLineSearch:   10[ 20] 08:46:32     -112.603725*       0.0000
BFGSLineSearch:   11[ 22] 08:46:32     -112.603725*       0.0000
BFGSLineSearch:   12[ 24] 08:46:32     -112.603725*       0.0000
BFGSLineSearch:   13[ 26] 08:46:32     -112.603725*       0.0000
BFGSLineSearch:   14[ 28] 08:46:32     -112.603725*       0.0000
BFGSLineSearch:   15[ 30] 08:46:32     -112.603725*       0.0000
BFGSLineSearch:   16[ 32] 08:46:32     -112.603725*       0.0000
BFGSLineSearch:   17[ 34] 08:46:32     -112.603725*       0.0000
BFGSLineSearch:   18[ 36] 08:46:32     -112.603725*       0.0000
BFGSLineSearch:   19[ 38] 08:46:32     -112.603725*       0.0000
BFGSLineSearch:   20[ 40] 08:46:32     -112.603725*       0.0000
BFGSLineSearch:   21[ 42] 08:46:33     -112.603725*       0.0000
BFGSLineSearch:   22[ 44] 08:46:33     -112.603725*       0.0000
BFGSLineSearch:   23[ 46] 08:46:33     -112.603725*       0.0000
BFGSLineSearch:   24[ 48] 08:46:33     -112.603725*       0.0000
BFGSLineSearch:   25[ 50] 08:46:33     -112.603725*       0.0000
BFGSLineSearch:   26[ 52] 08:46:33     -112.603725*       0.0000
BFGSLineSearch:   27[ 54] 08:46:33     -112.603725*       0.0000
BFGSLineSearch:   28[ 56] 08:46:33     -112.603725*       0.0000
BFGSLineSearch:   29[ 58] 08:46:33     -112.603725*       0.0000
                Step[ FC]     Time          Energy          fmax
*Force-consistent energies used in optimization.
BFGSLineSearch:    0[  0] 08:46:33     -112.603725*       0.0000
BFGSLineSearch:    1[  2] 08:46:33     -112.603725*       0.0000
BFGSLineSearch:    2[  4] 08:46:33     -112.603725*       0.0000
BFGSLineSearch:    3[ 12] 08:46:33     -112.603725*       0.0000
BFGSLineSearch:    4[ 23] 08:46:33     -112.603725*       0.0000
BFGSLineSearch:    5[ 25] 08:46:34     -112.603725*       0.0000
BFGSLineSearch:    6[ 27] 08:46:34     -112.603725*       0.0000
BFGSLineSearch:    7[ 29] 08:46:34     -112.603725*       0.0000
BFGSLineSearch:    8[ 33] 08:46:34     -112.603725*       0.0000
BFGSLineSearch:    9[ 35] 08:46:34     -112.603725*       0.0000
BFGSLineSearch:   10[ 37] 08:46:34     -112.603725*       0.0000
BFGSLineSearch:   11[ 39] 08:46:34     -112.603725*       0.0000
BFGSLineSearch:   12[ 41] 08:46:34     -112.603725*       0.0000
BFGSLineSearch:   13[ 43] 08:46:34     -112.603725*       0.0000
BFGSLineSearch:   14[ 45] 08:46:34     -112.603725*       0.0000
BFGSLineSearch:   15[ 47] 08:46:34     -112.603725*       0.0000
BFGSLineSearch:   16[ 49] 08:46:34     -112.603725*       0.0000
