Loading rhel8/default-amp
  Loading requirement: dot rhel8/slurm singularity/current rhel8/global
    cuda/11.4 libpciaccess/0.16/gcc-9.4.0-6fonbj6
    libiconv/1.16/gcc-9.4.0-ahebbov libxml2/2.9.12/gcc-9.4.0-gnknt5e
    ncurses/6.2/gcc-9.4.0-aiirok7 hwloc/2.5.0/gcc-9.4.0-7sqomga
    libevent/2.1.12/gcc-9.4.0-hgny7cm numactl/2.0.14/gcc-9.4.0-52dwc6n
    cuda/11.4.0/gcc-9.4.0-3hnxhjt gdrcopy/2.2/gcc-9.4.0-e4igtfp
    knem/1.1.4/gcc-9.4.0-bpbxgva libnl/3.3.0/gcc-9.4.0-whwhrwb
    rdma-core/34.0/gcc-9.4.0-5eo5n2u ucx/1.11.1/gcc-9.4.0-lktqyl4
    openmpi/4.1.1/gcc-9.4.0-epagguv
                Step[ FC]     Time          Energy          fmax
*Force-consistent energies used in optimization.
BFGSLineSearch:    0[  0] 13:27:19     -474.055491*       2.0953
BFGSLineSearch:    1[  2] 13:27:26     -474.291425*       0.9009
BFGSLineSearch:    2[  4] 13:27:26     -474.354555*       0.5308
BFGSLineSearch:    3[  6] 13:27:26     -474.372638*       0.2710
BFGSLineSearch:    4[  8] 13:27:26     -474.383727*       0.1881
BFGSLineSearch:    5[ 10] 13:27:26     -474.392538*       0.1435
BFGSLineSearch:    6[ 12] 13:27:27     -474.395996*       0.0739
BFGSLineSearch:    7[ 14] 13:27:27     -474.397514*       0.0843
BFGSLineSearch:    8[ 16] 13:27:27     -474.399635*       0.0815
BFGSLineSearch:    9[ 18] 13:27:27     -474.401206*       0.0670
BFGSLineSearch:   10[ 20] 13:27:27     -474.402563*       0.0669
BFGSLineSearch:   11[ 22] 13:27:27     -474.404321*       0.0844
BFGSLineSearch:   12[ 24] 13:27:27     -474.406398*       0.0763
BFGSLineSearch:   13[ 26] 13:27:27     -474.408794*       0.0487
BFGSLineSearch:   14[ 28] 13:27:27     -474.409933*       0.0752
BFGSLineSearch:   15[ 30] 13:27:28     -474.411688*       0.0800
BFGSLineSearch:   16[ 32] 13:27:28     -474.413265*       0.0597
BFGSLineSearch:   17[ 34] 13:27:28     -474.414815*       0.0909
BFGSLineSearch:   18[ 36] 13:27:28     -474.416954*       0.0617
BFGSLineSearch:   19[ 38] 13:27:28     -474.418749*       0.0787
BFGSLineSearch:   20[ 40] 13:27:28     -474.420110*       0.0459
BFGSLineSearch:   21[ 42] 13:27:28     -474.421020*       0.0587
BFGSLineSearch:   22[ 44] 13:27:28     -474.421431*       0.1311
BFGSLineSearch:   23[ 46] 13:27:29     -474.422240*       0.0440
BFGSLineSearch:   24[ 48] 13:27:29     -474.422915*       0.0627
BFGSLineSearch:   25[ 50] 13:27:29     -474.423462*       0.1347
BFGSLineSearch:   26[ 52] 13:27:29     -474.423988*       0.0651
BFGSLineSearch:   27[ 53] 13:27:29     -474.425191*       0.1074
BFGSLineSearch:   28[ 55] 13:27:29     -474.426506*       0.0659
BFGSLineSearch:   29[ 57] 13:27:29     -474.427518*       0.1153
BFGSLineSearch:   30[ 59] 13:27:29     -474.428233*       0.0954
BFGSLineSearch:   31[ 61] 13:27:29     -474.429202*       0.0451
BFGSLineSearch:   32[ 63] 13:27:30     -474.429924*       0.0570
BFGSLineSearch:   33[ 65] 13:27:30     -474.430499*       0.0835
BFGSLineSearch:   34[ 67] 13:27:30     -474.431224*       0.0254
BFGSLineSearch:   35[ 69] 13:27:30     -474.431696*       0.0436
BFGSLineSearch:   36[ 71] 13:27:30     -474.431941*       0.0255
BFGSLineSearch:   37[ 73] 13:27:30     -474.432169*       0.0473
BFGSLineSearch:   38[ 75] 13:27:30     -474.432682*       0.0303
BFGSLineSearch:   39[ 77] 13:27:30     -474.432828*       0.0317
BFGSLineSearch:   40[ 79] 13:27:31     -474.433224*       0.0355
BFGSLineSearch:   41[ 81] 13:27:31     -474.433410*       0.0377
BFGSLineSearch:   42[ 83] 13:27:31     -474.433833*       0.0323
BFGSLineSearch:   43[ 85] 13:27:31     -474.433946*       0.0261
BFGSLineSearch:   44[ 87] 13:27:31     -474.434105*       0.0406
BFGSLineSearch:   45[ 89] 13:27:31     -474.434266*       0.0107
BFGSLineSearch:   46[ 91] 13:27:31     -474.434319*       0.0183
BFGSLineSearch:   47[ 93] 13:27:31     -474.434383*       0.0125
BFGSLineSearch:   48[ 95] 13:27:31     -474.434441*       0.0232
BFGSLineSearch:   49[ 97] 13:27:32     -474.434546*       0.0162
BFGSLineSearch:   50[ 99] 13:27:32     -474.434608*       0.0201
BFGSLineSearch:   51[101] 13:27:32     -474.434727*       0.0202
BFGSLineSearch:   52[103] 13:27:32     -474.434814*       0.0106
BFGSLineSearch:   53[105] 13:27:32     -474.434833*       0.0106
BFGSLineSearch:   54[107] 13:27:32     -474.434869*       0.0091
BFGSLineSearch:   55[109] 13:27:32     -474.434890*       0.0079
BFGSLineSearch:   56[111] 13:27:32     -474.434909*       0.0094
BFGSLineSearch:   57[113] 13:27:33     -474.434926*       0.0078
BFGSLineSearch:   58[115] 13:27:33     -474.434941*       0.0096
BFGSLineSearch:   59[117] 13:27:33     -474.434967*       0.0096
BFGSLineSearch:   60[119] 13:27:33     -474.434993*       0.0094
BFGSLineSearch:   61[121] 13:27:33     -474.435009*       0.0075
BFGSLineSearch:   62[123] 13:27:33     -474.435026*       0.0083
BFGSLineSearch:   63[125] 13:27:33     -474.435039*       0.0062
BFGSLineSearch:   64[127] 13:27:33     -474.435044*       0.0034
BFGSLineSearch:   65[129] 13:27:33     -474.435052*       0.0039
BFGSLineSearch:   66[131] 13:27:34     -474.435055*       0.0038
BFGSLineSearch:   67[132] 13:27:34     -474.435060*       0.0086
BFGSLineSearch:   68[134] 13:27:34     -474.435071*       0.0055
BFGSLineSearch:   69[136] 13:27:34     -474.435077*       0.0053
BFGSLineSearch:   70[138] 13:27:34     -474.435082*       0.0059
BFGSLineSearch:   71[140] 13:27:34     -474.435090*       0.0039
BFGSLineSearch:   72[142] 13:27:34     -474.435094*       0.0037
BFGSLineSearch:   73[144] 13:27:34     -474.435098*       0.0050
BFGSLineSearch:   74[146] 13:27:34     -474.435101*       0.0031
BFGSLineSearch:   75[147] 13:27:35     -474.435106*       0.0077
BFGSLineSearch:   76[149] 13:27:35     -474.435110*       0.0043
BFGSLineSearch:   77[151] 13:27:35     -474.435113*       0.0034
BFGSLineSearch:   78[153] 13:27:35     -474.435116*       0.0022
BFGSLineSearch:   79[155] 13:27:35     -474.435117*       0.0020
BFGSLineSearch:   80[157] 13:27:35     -474.435118*       0.0016
BFGSLineSearch:   81[158] 13:27:35     -474.435119*       0.0018
BFGSLineSearch:   82[160] 13:27:35     -474.435120*       0.0013
BFGSLineSearch:   83[162] 13:27:35     -474.435120*       0.0014
BFGSLineSearch:   84[163] 13:27:36     -474.435121*       0.0017
BFGSLineSearch:   85[165] 13:27:36     -474.435122*       0.0017
BFGSLineSearch:   86[167] 13:27:36     -474.435122*       0.0015
BFGSLineSearch:   87[169] 13:27:36     -474.435123*       0.0017
BFGSLineSearch:   88[171] 13:27:36     -474.435124*       0.0012
BFGSLineSearch:   89[173] 13:27:36     -474.435124*       0.0015
BFGSLineSearch:   90[175] 13:27:36     -474.435125*       0.0018
BFGSLineSearch:   91[177] 13:27:36     -474.435127*       0.0021
BFGSLineSearch:   92[179] 13:27:36     -474.435127*       0.0013
BFGSLineSearch:   93[181] 13:27:37     -474.435128*       0.0014
BFGSLineSearch:   94[183] 13:27:37     -474.435128*       0.0008
BFGSLineSearch:   95[185] 13:27:37     -474.435129*       0.0013
BFGSLineSearch:   96[187] 13:27:37     -474.435129*       0.0007
BFGSLineSearch:   97[188] 13:27:37     -474.435129*       0.0012
BFGSLineSearch:   98[190] 13:27:37     -474.435129*       0.0016
BFGSLineSearch:   99[192] 13:27:37     -474.435129*       0.0010
BFGSLineSearch:  100[193] 13:27:37     -474.435130*       0.0011
BFGSLineSearch:  101[194] 13:27:37     -474.435130*       0.0022
BFGSLineSearch:  102[196] 13:27:38     -474.435131*       0.0014
BFGSLineSearch:  103[197] 13:27:38     -474.435132*       0.0024
BFGSLineSearch:  104[199] 13:27:38     -474.435133*       0.0009
BFGSLineSearch:  105[201] 13:27:38     -474.435133*       0.0008
BFGSLineSearch:  106[203] 13:27:38     -474.435133*       0.0006
BFGSLineSearch:  107[205] 13:27:38     -474.435133*       0.0005
BFGSLineSearch:  108[207] 13:27:38     -474.435133*       0.0010
BFGSLineSearch:  109[209] 13:27:38     -474.435134*       0.0010
BFGSLineSearch:  110[211] 13:27:38     -474.435134*       0.0014
BFGSLineSearch:  111[213] 13:27:39     -474.435135*       0.0023
BFGSLineSearch:  112[215] 13:27:39     -474.435137*       0.0024
BFGSLineSearch:  113[217] 13:27:39     -474.435138*       0.0040
BFGSLineSearch:  114[219] 13:27:39     -474.435141*       0.0021
BFGSLineSearch:  115[221] 13:27:39     -474.435143*       0.0013
BFGSLineSearch:  116[223] 13:27:39     -474.435143*       0.0019
BFGSLineSearch:  117[225] 13:27:39     -474.435143*       0.0006
BFGSLineSearch:  118[227] 13:27:39     -474.435144*       0.0005
BFGSLineSearch:  119[229] 13:27:40     -474.435144*       0.0006
BFGSLineSearch:  120[230] 13:27:40     -474.435144*       0.0014
BFGSLineSearch:  121[231] 13:27:40     -474.435145*       0.0011
BFGSLineSearch:  122[233] 13:27:40     -474.435145*       0.0014
BFGSLineSearch:  123[235] 13:27:40     -474.435146*       0.0011
BFGSLineSearch:  124[237] 13:27:40     -474.435147*       0.0012
BFGSLineSearch:  125[239] 13:27:40     -474.435147*       0.0007
BFGSLineSearch:  126[241] 13:27:40     -474.435147*       0.0005
BFGSLineSearch:  127[243] 13:27:40     -474.435147*       0.0003
BFGSLineSearch:  128[245] 13:27:41     -474.435147*       0.0003
BFGSLineSearch:  129[247] 13:27:41     -474.435147*       0.0006
BFGSLineSearch:  130[248] 13:27:41     -474.435147*       0.0013
BFGSLineSearch:  131[249] 13:27:41     -474.435148*       0.0016
BFGSLineSearch:  132[250] 13:27:41     -474.435148*       0.0013
BFGSLineSearch:  133[252] 13:27:41     -474.435148*       0.0007
BFGSLineSearch:  134[254] 13:27:41     -474.435149*       0.0005
BFGSLineSearch:  135[256] 13:27:41     -474.435149*       0.0005
BFGSLineSearch:  136[257] 13:27:41     -474.435149*       0.0006
BFGSLineSearch:  137[258] 13:27:41     -474.435149*       0.0006
BFGSLineSearch:  138[259] 13:27:41     -474.435150*       0.0005
BFGSLineSearch:  139[260] 13:27:42     -474.435150*       0.0005
BFGSLineSearch:  140[261] 13:27:42     -474.435151*       0.0012
BFGSLineSearch:  141[262] 13:27:42     -474.435152*       0.0013
BFGSLineSearch:  142[263] 13:27:42     -474.435153*       0.0014
BFGSLineSearch:  143[264] 13:27:42     -474.435153*       0.0006
BFGSLineSearch:  144[265] 13:27:42     -474.435153*       0.0007
BFGSLineSearch:  145[266] 13:27:42     -474.435154*       0.0004
BFGSLineSearch:  146[267] 13:27:42     -474.435154*       0.0002
BFGSLineSearch:  147[269] 13:27:42     -474.435154*       0.0003
BFGSLineSearch:  148[271] 13:27:42     -474.435154*       0.0005
BFGSLineSearch:  149[272] 13:27:42     -474.435154*       0.0005
BFGSLineSearch:  150[273] 13:27:42     -474.435154*       0.0004
BFGSLineSearch:  151[274] 13:27:43     -474.435155*       0.0003
BFGSLineSearch:  152[275] 13:27:43     -474.435155*       0.0002
BFGSLineSearch:  153[276] 13:27:43     -474.435155*       0.0002
BFGSLineSearch:  154[277] 13:27:43     -474.435155*       0.0002
BFGSLineSearch:  155[278] 13:27:43     -474.435155*       0.0002
BFGSLineSearch:  156[279] 13:27:43     -474.435155*       0.0001
BFGSLineSearch:  157[280] 13:27:43     -474.435155*       0.0001
BFGSLineSearch:  158[281] 13:27:43     -474.435155*       0.0001
BFGSLineSearch:  159[282] 13:27:43     -474.435155*       0.0001
BFGSLineSearch:  160[283] 13:27:43     -474.435155*       0.0001
BFGSLineSearch:  161[284] 13:27:43     -474.435155*       0.0001
BFGSLineSearch:  162[285] 13:27:43     -474.435155*       0.0001
BFGSLineSearch:  163[286] 13:27:44     -474.435155*       0.0001
BFGSLineSearch:  164[287] 13:27:44     -474.435155*       0.0001
BFGSLineSearch:  165[288] 13:27:44     -474.435155*       0.0001
BFGSLineSearch:  166[289] 13:27:44     -474.435155*       0.0001
BFGSLineSearch:  167[290] 13:27:44     -474.435155*       0.0001
BFGSLineSearch:  168[291] 13:27:44     -474.435155*       0.0001
BFGSLineSearch:  169[293] 13:27:44     -474.435155*       0.0001
BFGSLineSearch:  170[295] 13:27:44     -474.435155*       0.0001
BFGSLineSearch:  171[296] 13:27:44     -474.435155*       0.0001
BFGSLineSearch:  172[297] 13:27:44     -474.435155*       0.0001
BFGSLineSearch:  173[299] 13:27:44     -474.435155*       0.0001
BFGSLineSearch:  174[301] 13:27:45     -474.435155*       0.0003
BFGSLineSearch:  175[303] 13:27:45     -474.435155*       0.0003
BFGSLineSearch:  176[305] 13:27:45     -474.435156*       0.0004
BFGSLineSearch:  177[306] 13:27:45     -474.435156*       0.0004
BFGSLineSearch:  178[308] 13:27:45     -474.435156*       0.0007
BFGSLineSearch:  179[310] 13:27:45     -474.435157*       0.0010
BFGSLineSearch:  180[311] 13:27:45     -474.435157*       0.0003
BFGSLineSearch:  181[312] 13:27:45     -474.435157*       0.0003
BFGSLineSearch:  182[313] 13:27:45     -474.435157*       0.0002
BFGSLineSearch:  183[314] 13:27:45     -474.435157*       0.0002
BFGSLineSearch:  184[315] 13:27:46     -474.435158*       0.0002
BFGSLineSearch:  185[316] 13:27:46     -474.435158*       0.0001
BFGSLineSearch:  186[317] 13:27:46     -474.435158*       0.0001
BFGSLineSearch:  187[318] 13:27:46     -474.435158*       0.0001
BFGSLineSearch:  188[319] 13:27:46     -474.435158*       0.0001
BFGSLineSearch:  189[321] 13:27:46     -474.435158*       0.0001
BFGSLineSearch:  190[323] 13:27:46     -474.435158*       0.0001
BFGSLineSearch:  191[325] 13:27:46     -474.435158*       0.0002
BFGSLineSearch:  192[327] 13:27:46     -474.435158*       0.0002
BFGSLineSearch:  193[329] 13:27:46     -474.435158*       0.0001
BFGSLineSearch:  194[330] 13:27:47     -474.435158*       0.0001
BFGSLineSearch:  195[331] 13:27:47     -474.435158*       0.0000
BFGSLineSearch:  196[332] 13:27:47     -474.435158*       0.0000
BFGSLineSearch:  197[333] 13:27:47     -474.435158*       0.0000
BFGSLineSearch:  198[335] 13:27:47     -474.435158*       0.0000
BFGSLineSearch:  199[336] 13:27:47     -474.435158*       0.0000
BFGSLineSearch:  200[337] 13:27:47     -474.435158*       0.0000
BFGSLineSearch:  201[339] 13:27:47     -474.435158*       0.0000
BFGSLineSearch:  202[341] 13:27:47     -474.435158*       0.0000
BFGSLineSearch:  203[343] 13:27:47     -474.435158*       0.0000
BFGSLineSearch:  204[345] 13:27:48     -474.435158*       0.0000
BFGSLineSearch:  205[347] 13:27:48     -474.435158*       0.0000
BFGSLineSearch:  206[348] 13:27:48     -474.435158*       0.0000
BFGSLineSearch:  207[349] 13:27:48     -474.435158*       0.0000
BFGSLineSearch:  208[351] 13:27:48     -474.435158*       0.0000
BFGSLineSearch:  209[353] 13:27:48     -474.435158*       0.0000
BFGSLineSearch:  210[355] 13:27:48     -474.435158*       0.0000
BFGSLineSearch:  211[357] 13:27:48     -474.435158*       0.0000
BFGSLineSearch:  212[359] 13:27:48     -474.435158*       0.0000
BFGSLineSearch:  213[360] 13:27:48     -474.435158*       0.0000
BFGSLineSearch:  214[361] 13:27:49     -474.435158*       0.0000
BFGSLineSearch:  215[362] 13:27:49     -474.435158*       0.0000
BFGSLineSearch:  216[363] 13:27:49     -474.435158*       0.0000
BFGSLineSearch:  217[365] 13:27:49     -474.435158*       0.0000
BFGSLineSearch:  218[367] 13:27:49     -474.435158*       0.0000
BFGSLineSearch:  219[368] 13:27:49     -474.435158*       0.0000
BFGSLineSearch:  220[370] 13:27:49     -474.435158*       0.0000
BFGSLineSearch:  221[372] 13:27:49     -474.435158*       0.0000
BFGSLineSearch:  222[373] 13:27:49     -474.435158*       0.0000
BFGSLineSearch:  223[374] 13:27:49     -474.435158*       0.0000
BFGSLineSearch:  224[376] 13:27:50     -474.435158*       0.0000
BFGSLineSearch:  225[378] 13:27:50     -474.435158*       0.0000
BFGSLineSearch:  226[380] 13:27:50     -474.435158*       0.0000
BFGSLineSearch:  227[382] 13:27:50     -474.435158*       0.0000
BFGSLineSearch:  228[384] 13:27:50     -474.435158*       0.0000
BFGSLineSearch:  229[386] 13:27:50     -474.435158*       0.0000
BFGSLineSearch:  230[388] 13:27:50     -474.435158*       0.0000
                Step[ FC]     Time          Energy          fmax
*Force-consistent energies used in optimization.
BFGSLineSearch:    0[  0] 13:27:50     -474.435158*       0.0000
BFGSLineSearch:    1[  2] 13:27:50     -474.435158*       0.0000
BFGSLineSearch:    2[  4] 13:27:50     -474.435158*       0.0000
BFGSLineSearch:    3[  6] 13:27:50     -474.435158*       0.0000
BFGSLineSearch:    4[  8] 13:27:51     -474.435158*       0.0000
BFGSLineSearch:    5[ 10] 13:27:51     -474.435158*       0.0000
BFGSLineSearch:    6[ 12] 13:27:51     -474.435158*       0.0000
BFGSLineSearch:    7[ 14] 13:27:51     -474.435158*       0.0000
BFGSLineSearch:    8[ 16] 13:27:51     -474.435158*       0.0000
BFGSLineSearch:    9[ 18] 13:27:51     -474.435158*       0.0000
BFGSLineSearch:   10[ 20] 13:27:51     -474.435158*       0.0000
BFGSLineSearch:   11[ 22] 13:27:51     -474.435158*       0.0000
BFGSLineSearch:   12[ 25] 13:27:51     -474.435158*       0.0000
BFGSLineSearch:   13[ 30] 13:27:51     -474.435158*       0.0000
BFGSLineSearch:   14[ 32] 13:27:52     -474.435158*       0.0000
BFGSLineSearch:   15[ 70] 13:27:53     -474.435158*       0.0000
BFGSLineSearch:   16[ 76] 13:27:53     -474.435158*       0.0000
BFGSLineSearch:   17[ 78] 13:27:53     -474.435158*       0.0000
BFGSLineSearch:   18[ 80] 13:27:53     -474.435158*       0.0000
BFGSLineSearch:   19[ 82] 13:27:53     -474.435158*       0.0000
BFGSLineSearch:   20[ 87] 13:27:53     -474.435158*       0.0000
BFGSLineSearch:   21[ 92] 13:27:53     -474.435158*       0.0000
BFGSLineSearch:   22[ 94] 13:27:54     -474.435158*       0.0000
BFGSLineSearch:   23[ 96] 13:27:54     -474.435158*       0.0000
BFGSLineSearch:   24[ 98] 13:27:54     -474.435158*       0.0000
BFGSLineSearch:   25[102] 13:27:54     -474.435158*       0.0000
BFGSLineSearch:   26[104] 13:27:54     -474.435158*       0.0000
BFGSLineSearch:   27[106] 13:27:54     -474.435158*       0.0000
BFGSLineSearch:   28[108] 13:27:54     -474.435158*       0.0000
BFGSLineSearch:   29[114] 13:27:54     -474.435158*       0.0000
BFGSLineSearch:   30[116] 13:27:54     -474.435158*       0.0000
BFGSLineSearch:   31[152] 13:27:56     -474.435158*       0.0000
BFGSLineSearch:   32[154] 13:27:56     -474.435158*       0.0000
BFGSLineSearch:   33[156] 13:27:56     -474.435158*       0.0000
BFGSLineSearch:   34[161] 13:27:56     -474.435158*       0.0000
BFGSLineSearch:   35[163] 13:27:56     -474.435158*       0.0000
BFGSLineSearch:   36[165] 13:27:56     -474.435158*       0.0000
BFGSLineSearch:   37[170] 13:27:56     -474.435158*       0.0000
BFGSLineSearch:   38[172] 13:27:56     -474.435158*       0.0000
BFGSLineSearch:   39[174] 13:27:56     -474.435158*       0.0000
BFGSLineSearch:   40[176] 13:27:56     -474.435158*       0.0000
BFGSLineSearch:   41[181] 13:27:57     -474.435158*       0.0000
BFGSLineSearch:   42[183] 13:27:57     -474.435158*       0.0000
BFGSLineSearch:   43[196] 13:27:57     -474.435158*       0.0000
BFGSLineSearch:   44[199] 13:27:57     -474.435158*       0.0000
BFGSLineSearch:   45[201] 13:27:57     -474.435158*       0.0000
BFGSLineSearch:   46[207] 13:27:58     -474.435158*       0.0000
BFGSLineSearch:   47[222] 13:27:58     -474.435158*       0.0000
BFGSLineSearch:   48[228] 13:27:58     -474.435158*       0.0000
BFGSLineSearch:   49[236] 13:27:59     -474.435158*       0.0000
BFGSLineSearch:   50[238] 13:27:59     -474.435158*       0.0000
BFGSLineSearch:   51[262] 13:27:59     -474.435158*       0.0000
BFGSLineSearch:   52[264] 13:27:59     -474.435158*       0.0000
BFGSLineSearch:   53[266] 13:27:59     -474.435158*       0.0000
BFGSLineSearch:   54[270] 13:28:00     -474.435158*       0.0000
BFGSLineSearch:   55[283] 13:28:00     -474.435158*       0.0000
BFGSLineSearch:   56[288] 13:28:00     -474.435158*       0.0000
BFGSLineSearch:   57[290] 13:28:00     -474.435158*       0.0000
BFGSLineSearch:   58[292] 13:28:00     -474.435158*       0.0000
BFGSLineSearch:   59[352] 13:28:02     -474.435158*       0.0000
BFGSLineSearch:   60[354] 13:28:02     -474.435158*       0.0000
BFGSLineSearch:   61[356] 13:28:02     -474.435158*       0.0000
BFGSLineSearch:   62[370] 13:28:03     -474.435158*       0.0000
BFGSLineSearch:   63[372] 13:28:03     -474.435158*       0.0000
BFGSLineSearch:   64[377] 13:28:03     -474.435158*       0.0000
BFGSLineSearch:   65[379] 13:28:03     -474.435158*       0.0000
BFGSLineSearch:   66[384] 13:28:03     -474.435158*       0.0000
BFGSLineSearch:   67[386] 13:28:03     -474.435158*       0.0000
BFGSLineSearch:   68[388] 13:28:03     -474.435158*       0.0000
BFGSLineSearch:   69[401] 13:28:04     -474.435158*       0.0000
BFGSLineSearch:   70[406] 13:28:04     -474.435158*       0.0000
BFGSLineSearch:   71[432] 13:28:05     -474.435158*       0.0000
BFGSLineSearch:   72[437] 13:28:05     -474.435158*       0.0000
BFGSLineSearch:   73[439] 13:28:05     -474.435158*       0.0000
BFGSLineSearch:   74[443] 13:28:05     -474.435158*       0.0000
BFGSLineSearch:   75[445] 13:28:05     -474.435158*       0.0000
BFGSLineSearch:   76[461] 13:28:06     -474.435158*       0.0000
BFGSLineSearch:   77[469] 13:28:06     -474.435158*       0.0000
BFGSLineSearch:   78[474] 13:28:06     -474.435158*       0.0000
BFGSLineSearch:   79[479] 13:28:06     -474.435158*       0.0000
BFGSLineSearch:   80[481] 13:28:06     -474.435158*       0.0000
BFGSLineSearch:   81[485] 13:28:07     -474.435158*       0.0000
BFGSLineSearch:   82[487] 13:28:07     -474.435158*       0.0000
BFGSLineSearch:   83[489] 13:28:07     -474.435158*       0.0000
BFGSLineSearch:   84[493] 13:28:07     -474.435158*       0.0000
BFGSLineSearch:   85[507] 13:28:07     -474.435158*       0.0000
BFGSLineSearch:   86[511] 13:28:07     -474.435158*       0.0000
BFGSLineSearch:   87[533] 13:28:08     -474.435158*       0.0000
BFGSLineSearch:   88[538] 13:28:08     -474.435158*       0.0000
BFGSLineSearch:   89[540] 13:28:08     -474.435158*       0.0000
BFGSLineSearch:   90[545] 13:28:09     -474.435158*       0.0000
BFGSLineSearch:   91[547] 13:28:09     -474.435158*       0.0000
BFGSLineSearch:   92[560] 13:28:09     -474.435158*       0.0000
BFGSLineSearch:   93[564] 13:28:09     -474.435158*       0.0000
BFGSLineSearch:   94[566] 13:28:09     -474.435158*       0.0000
BFGSLineSearch:   95[578] 13:28:10     -474.435158*       0.0000
BFGSLineSearch:   96[580] 13:28:10     -474.435158*       0.0000
BFGSLineSearch:   97[610] 13:28:11     -474.435158*       0.0000
BFGSLineSearch:   98[614] 13:28:11     -474.435158*       0.0000
BFGSLineSearch:   99[618] 13:28:11     -474.435158*       0.0000
BFGSLineSearch:  100[620] 13:28:11     -474.435158*       0.0000
BFGSLineSearch:  101[624] 13:28:11     -474.435158*       0.0000
BFGSLineSearch:  102[626] 13:28:11     -474.435158*       0.0000
BFGSLineSearch:  103[628] 13:28:11     -474.435158*       0.0000
