Loading rhel8/default-amp
  Loading requirement: dot rhel8/slurm singularity/current rhel8/global
    cuda/11.4 libpciaccess/0.16/gcc-9.4.0-6fonbj6
    libiconv/1.16/gcc-9.4.0-ahebbov libxml2/2.9.12/gcc-9.4.0-gnknt5e
    ncurses/6.2/gcc-9.4.0-aiirok7 hwloc/2.5.0/gcc-9.4.0-7sqomga
    libevent/2.1.12/gcc-9.4.0-hgny7cm numactl/2.0.14/gcc-9.4.0-52dwc6n
    cuda/11.4.0/gcc-9.4.0-3hnxhjt gdrcopy/2.2/gcc-9.4.0-e4igtfp
    knem/1.1.4/gcc-9.4.0-bpbxgva libnl/3.3.0/gcc-9.4.0-whwhrwb
    rdma-core/34.0/gcc-9.4.0-5eo5n2u ucx/1.11.1/gcc-9.4.0-lktqyl4
    openmpi/4.1.1/gcc-9.4.0-epagguv
                Step[ FC]     Time          Energy          fmax
*Force-consistent energies used in optimization.
BFGSLineSearch:    0[  0] 14:23:45     -450.257425*       0.0366
BFGSLineSearch:    1[  2] 14:23:54     -450.257643*       0.0305
BFGSLineSearch:    2[  4] 14:23:54     -450.257822*       0.0168
BFGSLineSearch:    3[  6] 14:23:54     -450.257897*       0.0140
BFGSLineSearch:    4[  7] 14:23:54     -450.258031*       0.0208
BFGSLineSearch:    5[  9] 14:23:55     -450.258116*       0.0081
BFGSLineSearch:    6[ 11] 14:23:55     -450.258160*       0.0155
BFGSLineSearch:    7[ 13] 14:23:55     -450.258221*       0.0090
BFGSLineSearch:    8[ 15] 14:23:55     -450.258248*       0.0068
BFGSLineSearch:    9[ 17] 14:23:55     -450.258281*       0.0091
BFGSLineSearch:   10[ 19] 14:23:55     -450.258310*       0.0069
BFGSLineSearch:   11[ 21] 14:23:55     -450.258337*       0.0102
BFGSLineSearch:   12[ 23] 14:23:55     -450.258371*       0.0121
BFGSLineSearch:   13[ 25] 14:23:55     -450.258408*       0.0084
BFGSLineSearch:   14[ 27] 14:23:56     -450.258434*       0.0087
BFGSLineSearch:   15[ 29] 14:23:56     -450.258477*       0.0104
BFGSLineSearch:   16[ 31] 14:23:56     -450.258505*       0.0073
BFGSLineSearch:   17[ 33] 14:23:56     -450.258536*       0.0086
BFGSLineSearch:   18[ 35] 14:23:56     -450.258564*       0.0091
BFGSLineSearch:   19[ 37] 14:23:56     -450.258588*       0.0074
BFGSLineSearch:   20[ 39] 14:23:56     -450.258629*       0.0074
BFGSLineSearch:   21[ 41] 14:23:56     -450.258661*       0.0089
BFGSLineSearch:   22[ 43] 14:23:56     -450.258713*       0.0119
BFGSLineSearch:   23[ 45] 14:23:57     -450.258751*       0.0071
BFGSLineSearch:   24[ 46] 14:23:57     -450.258788*       0.0128
BFGSLineSearch:   25[ 48] 14:23:57     -450.258809*       0.0075
BFGSLineSearch:   26[ 50] 14:23:57     -450.258843*       0.0165
BFGSLineSearch:   27[ 52] 14:23:57     -450.258856*       0.0076
BFGSLineSearch:   28[ 53] 14:23:57     -450.258876*       0.0117
BFGSLineSearch:   29[ 55] 14:23:57     -450.258904*       0.0064
BFGSLineSearch:   30[ 56] 14:23:57     -450.258967*       0.0093
BFGSLineSearch:   31[ 58] 14:23:57     -450.258980*       0.0144
BFGSLineSearch:   32[ 60] 14:23:57     -450.259016*       0.0117
BFGSLineSearch:   33[ 62] 14:23:58     -450.259059*       0.0079
BFGSLineSearch:   34[ 63] 14:23:58     -450.259102*       0.0220
BFGSLineSearch:   35[ 65] 14:23:58     -450.259133*       0.0086
BFGSLineSearch:   36[ 66] 14:23:58     -450.259204*       0.0109
BFGSLineSearch:   37[ 68] 14:23:58     -450.259239*       0.0195
BFGSLineSearch:   38[ 70] 14:23:58     -450.259284*       0.0136
BFGSLineSearch:   39[ 71] 14:23:58     -450.259334*       0.0413
BFGSLineSearch:   40[ 73] 14:23:58     -450.259383*       0.0169
BFGSLineSearch:   41[ 75] 14:23:58     -450.259409*       0.0232
BFGSLineSearch:   42[ 77] 14:23:58     -450.259439*       0.0058
BFGSLineSearch:   43[ 79] 14:23:59     -450.259453*       0.0151
BFGSLineSearch:   44[ 81] 14:23:59     -450.259474*       0.0087
BFGSLineSearch:   45[ 83] 14:23:59     -450.259484*       0.0128
BFGSLineSearch:   46[ 85] 14:23:59     -450.259503*       0.0110
BFGSLineSearch:   47[ 87] 14:23:59     -450.259518*       0.0064
BFGSLineSearch:   48[ 89] 14:23:59     -450.259528*       0.0071
BFGSLineSearch:   49[ 91] 14:23:59     -450.259539*       0.0072
BFGSLineSearch:   50[ 93] 14:23:59     -450.259550*       0.0129
BFGSLineSearch:   51[ 95] 14:23:59     -450.259581*       0.0143
BFGSLineSearch:   52[ 97] 14:24:00     -450.259601*       0.0075
BFGSLineSearch:   53[ 99] 14:24:00     -450.259613*       0.0095
BFGSLineSearch:   54[101] 14:24:00     -450.259642*       0.0095
BFGSLineSearch:   55[103] 14:24:00     -450.259652*       0.0047
BFGSLineSearch:   56[105] 14:24:00     -450.259661*       0.0073
BFGSLineSearch:   57[107] 14:24:00     -450.259674*       0.0070
BFGSLineSearch:   58[109] 14:24:00     -450.259688*       0.0051
BFGSLineSearch:   59[111] 14:24:00     -450.259702*       0.0103
BFGSLineSearch:   60[113] 14:24:00     -450.259716*       0.0047
BFGSLineSearch:   61[115] 14:24:01     -450.259719*       0.0041
BFGSLineSearch:   62[117] 14:24:01     -450.259726*       0.0057
BFGSLineSearch:   63[119] 14:24:01     -450.259732*       0.0025
BFGSLineSearch:   64[121] 14:24:01     -450.259733*       0.0034
BFGSLineSearch:   65[122] 14:24:01     -450.259739*       0.0067
BFGSLineSearch:   66[124] 14:24:01     -450.259748*       0.0059
BFGSLineSearch:   67[126] 14:24:01     -450.259754*       0.0037
BFGSLineSearch:   68[128] 14:24:01     -450.259758*       0.0060
BFGSLineSearch:   69[129] 14:24:01     -450.259779*       0.0106
BFGSLineSearch:   70[131] 14:24:01     -450.259787*       0.0043
BFGSLineSearch:   71[133] 14:24:02     -450.259793*       0.0044
BFGSLineSearch:   72[135] 14:24:02     -450.259800*       0.0043
BFGSLineSearch:   73[137] 14:24:02     -450.259804*       0.0050
BFGSLineSearch:   74[139] 14:24:02     -450.259807*       0.0034
BFGSLineSearch:   75[141] 14:24:02     -450.259808*       0.0045
BFGSLineSearch:   76[142] 14:24:02     -450.259812*       0.0049
BFGSLineSearch:   77[144] 14:24:02     -450.259814*       0.0023
BFGSLineSearch:   78[146] 14:24:02     -450.259816*       0.0029
BFGSLineSearch:   79[148] 14:24:02     -450.259819*       0.0049
BFGSLineSearch:   80[150] 14:24:03     -450.259821*       0.0040
BFGSLineSearch:   81[152] 14:24:03     -450.259825*       0.0052
BFGSLineSearch:   82[154] 14:24:03     -450.259829*       0.0043
BFGSLineSearch:   83[156] 14:24:03     -450.259832*       0.0040
BFGSLineSearch:   84[158] 14:24:03     -450.259835*       0.0019
BFGSLineSearch:   85[160] 14:24:03     -450.259836*       0.0033
BFGSLineSearch:   86[161] 14:24:03     -450.259842*       0.0032
BFGSLineSearch:   87[163] 14:24:03     -450.259844*       0.0045
BFGSLineSearch:   88[164] 14:24:03     -450.259849*       0.0053
BFGSLineSearch:   89[166] 14:24:03     -450.259851*       0.0032
BFGSLineSearch:   90[168] 14:24:04     -450.259855*       0.0035
BFGSLineSearch:   91[170] 14:24:04     -450.259859*       0.0028
BFGSLineSearch:   92[172] 14:24:04     -450.259862*       0.0048
BFGSLineSearch:   93[174] 14:24:04     -450.259868*       0.0035
BFGSLineSearch:   94[176] 14:24:04     -450.259874*       0.0037
BFGSLineSearch:   95[178] 14:24:04     -450.259879*       0.0041
BFGSLineSearch:   96[180] 14:24:04     -450.259882*       0.0041
BFGSLineSearch:   97[182] 14:24:04     -450.259887*       0.0059
BFGSLineSearch:   98[184] 14:24:04     -450.259895*       0.0046
BFGSLineSearch:   99[186] 14:24:05     -450.259899*       0.0027
BFGSLineSearch:  100[188] 14:24:05     -450.259903*       0.0035
BFGSLineSearch:  101[190] 14:24:05     -450.259905*       0.0021
BFGSLineSearch:  102[191] 14:24:05     -450.259910*       0.0022
BFGSLineSearch:  103[193] 14:24:05     -450.259914*       0.0048
BFGSLineSearch:  104[195] 14:24:05     -450.259921*       0.0032
BFGSLineSearch:  105[197] 14:24:05     -450.259926*       0.0059
BFGSLineSearch:  106[199] 14:24:05     -450.259930*       0.0039
BFGSLineSearch:  107[201] 14:24:05     -450.259934*       0.0036
BFGSLineSearch:  108[203] 14:24:06     -450.259938*       0.0026
BFGSLineSearch:  109[205] 14:24:06     -450.259940*       0.0020
BFGSLineSearch:  110[206] 14:24:06     -450.259943*       0.0027
BFGSLineSearch:  111[208] 14:24:06     -450.259945*       0.0024
BFGSLineSearch:  112[210] 14:24:06     -450.259947*       0.0019
BFGSLineSearch:  113[211] 14:24:06     -450.259949*       0.0033
BFGSLineSearch:  114[213] 14:24:06     -450.259953*       0.0029
BFGSLineSearch:  115[215] 14:24:06     -450.259957*       0.0030
BFGSLineSearch:  116[216] 14:24:06     -450.259962*       0.0075
BFGSLineSearch:  117[218] 14:24:06     -450.259973*       0.0046
BFGSLineSearch:  118[220] 14:24:07     -450.260002*       0.0075
BFGSLineSearch:  119[222] 14:24:07     -450.260016*       0.0107
BFGSLineSearch:  120[224] 14:24:07     -450.260027*       0.0029
BFGSLineSearch:  121[226] 14:24:07     -450.260029*       0.0035
BFGSLineSearch:  122[228] 14:24:07     -450.260030*       0.0008
BFGSLineSearch:  123[229] 14:24:07     -450.260030*       0.0009
BFGSLineSearch:  124[230] 14:24:07     -450.260031*       0.0026
BFGSLineSearch:  125[231] 14:24:07     -450.260032*       0.0027
BFGSLineSearch:  126[232] 14:24:07     -450.260034*       0.0015
BFGSLineSearch:  127[234] 14:24:07     -450.260038*       0.0024
BFGSLineSearch:  128[235] 14:24:07     -450.260039*       0.0066
BFGSLineSearch:  129[237] 14:24:08     -450.260040*       0.0015
BFGSLineSearch:  130[238] 14:24:08     -450.260041*       0.0011
BFGSLineSearch:  131[239] 14:24:08     -450.260041*       0.0007
BFGSLineSearch:  132[241] 14:24:08     -450.260041*       0.0011
BFGSLineSearch:  133[244] 14:24:08     -450.260052*       0.0039
BFGSLineSearch:  134[245] 14:24:08     -450.260059*       0.0021
BFGSLineSearch:  135[246] 14:24:08     -450.260061*       0.0008
BFGSLineSearch:  136[247] 14:24:08     -450.260061*       0.0006
BFGSLineSearch:  137[248] 14:24:08     -450.260062*       0.0004
BFGSLineSearch:  138[249] 14:24:08     -450.260062*       0.0004
BFGSLineSearch:  139[250] 14:24:08     -450.260062*       0.0004
BFGSLineSearch:  140[252] 14:24:09     -450.260062*       0.0005
BFGSLineSearch:  141[253] 14:24:09     -450.260062*       0.0004
BFGSLineSearch:  142[254] 14:24:09     -450.260063*       0.0004
BFGSLineSearch:  143[256] 14:24:09     -450.260063*       0.0008
BFGSLineSearch:  144[258] 14:24:09     -450.260064*       0.0014
BFGSLineSearch:  145[260] 14:24:09     -450.260066*       0.0008
BFGSLineSearch:  146[261] 14:24:09     -450.260067*       0.0011
BFGSLineSearch:  147[263] 14:24:09     -450.260068*       0.0007
BFGSLineSearch:  148[264] 14:24:09     -450.260068*       0.0005
BFGSLineSearch:  149[265] 14:24:09     -450.260068*       0.0003
BFGSLineSearch:  150[267] 14:24:09     -450.260069*       0.0007
BFGSLineSearch:  151[268] 14:24:10     -450.260069*       0.0006
BFGSLineSearch:  152[269] 14:24:10     -450.260070*       0.0004
BFGSLineSearch:  153[270] 14:24:10     -450.260070*       0.0005
BFGSLineSearch:  154[271] 14:24:10     -450.260071*       0.0007
BFGSLineSearch:  155[273] 14:24:10     -450.260073*       0.0013
BFGSLineSearch:  156[275] 14:24:10     -450.260076*       0.0020
BFGSLineSearch:  157[277] 14:24:10     -450.260080*       0.0016
BFGSLineSearch:  158[279] 14:24:10     -450.260086*       0.0021
BFGSLineSearch:  159[280] 14:24:10     -450.260089*       0.0013
BFGSLineSearch:  160[281] 14:24:10     -450.260091*       0.0013
BFGSLineSearch:  161[282] 14:24:10     -450.260093*       0.0011
BFGSLineSearch:  162[283] 14:24:10     -450.260094*       0.0006
BFGSLineSearch:  163[284] 14:24:11     -450.260094*       0.0004
BFGSLineSearch:  164[285] 14:24:11     -450.260094*       0.0002
BFGSLineSearch:  165[286] 14:24:11     -450.260094*       0.0002
BFGSLineSearch:  166[287] 14:24:11     -450.260094*       0.0002
BFGSLineSearch:  167[288] 14:24:11     -450.260094*       0.0002
BFGSLineSearch:  168[289] 14:24:11     -450.260095*       0.0001
BFGSLineSearch:  169[290] 14:24:11     -450.260095*       0.0001
BFGSLineSearch:  170[291] 14:24:11     -450.260095*       0.0001
BFGSLineSearch:  171[292] 14:24:11     -450.260095*       0.0001
BFGSLineSearch:  172[294] 14:24:11     -450.260095*       0.0002
BFGSLineSearch:  173[296] 14:24:11     -450.260095*       0.0004
BFGSLineSearch:  174[297] 14:24:11     -450.260095*       0.0002
BFGSLineSearch:  175[298] 14:24:12     -450.260095*       0.0002
BFGSLineSearch:  176[299] 14:24:12     -450.260095*       0.0001
BFGSLineSearch:  177[301] 14:24:12     -450.260095*       0.0001
BFGSLineSearch:  178[303] 14:24:12     -450.260095*       0.0001
BFGSLineSearch:  179[305] 14:24:12     -450.260095*       0.0001
BFGSLineSearch:  180[306] 14:24:12     -450.260095*       0.0000
BFGSLineSearch:  181[307] 14:24:12     -450.260095*       0.0000
BFGSLineSearch:  182[309] 14:24:12     -450.260095*       0.0000
BFGSLineSearch:  183[310] 14:24:12     -450.260095*       0.0000
BFGSLineSearch:  184[312] 14:24:12     -450.260095*       0.0001
BFGSLineSearch:  185[314] 14:24:12     -450.260095*       0.0001
BFGSLineSearch:  186[316] 14:24:13     -450.260095*       0.0001
BFGSLineSearch:  187[318] 14:24:13     -450.260095*       0.0001
BFGSLineSearch:  188[320] 14:24:13     -450.260095*       0.0001
BFGSLineSearch:  189[322] 14:24:13     -450.260095*       0.0001
BFGSLineSearch:  190[324] 14:24:13     -450.260095*       0.0001
BFGSLineSearch:  191[326] 14:24:13     -450.260095*       0.0001
BFGSLineSearch:  192[328] 14:24:13     -450.260095*       0.0001
BFGSLineSearch:  193[330] 14:24:13     -450.260095*       0.0001
BFGSLineSearch:  194[332] 14:24:13     -450.260095*       0.0000
BFGSLineSearch:  195[333] 14:24:14     -450.260095*       0.0000
BFGSLineSearch:  196[334] 14:24:14     -450.260095*       0.0000
BFGSLineSearch:  197[336] 14:24:14     -450.260095*       0.0000
BFGSLineSearch:  198[338] 14:24:14     -450.260095*       0.0000
BFGSLineSearch:  199[340] 14:24:14     -450.260095*       0.0000
BFGSLineSearch:  200[342] 14:24:14     -450.260095*       0.0000
BFGSLineSearch:  201[344] 14:24:14     -450.260095*       0.0000
BFGSLineSearch:  202[346] 14:24:14     -450.260095*       0.0000
BFGSLineSearch:  203[348] 14:24:14     -450.260095*       0.0000
BFGSLineSearch:  204[350] 14:24:15     -450.260095*       0.0000
BFGSLineSearch:  205[352] 14:24:15     -450.260095*       0.0000
BFGSLineSearch:  206[354] 14:24:15     -450.260095*       0.0000
BFGSLineSearch:  207[356] 14:24:15     -450.260095*       0.0000
BFGSLineSearch:  208[358] 14:24:15     -450.260095*       0.0000
                Step[ FC]     Time          Energy          fmax
*Force-consistent energies used in optimization.
BFGSLineSearch:    0[  0] 14:24:15     -450.260095*       0.0000
BFGSLineSearch:    1[  2] 14:24:15     -450.260095*       0.0000
BFGSLineSearch:    2[  4] 14:24:15     -450.260095*       0.0000
BFGSLineSearch:    3[  6] 14:24:15     -450.260095*       0.0000
BFGSLineSearch:    4[  8] 14:24:15     -450.260095*       0.0000
BFGSLineSearch:    5[ 10] 14:24:15     -450.260095*       0.0000
BFGSLineSearch:    6[ 12] 14:24:15     -450.260095*       0.0000
BFGSLineSearch:    7[ 14] 14:24:15     -450.260095*       0.0000
BFGSLineSearch:    8[ 16] 14:24:16     -450.260095*       0.0000
BFGSLineSearch:    9[ 18] 14:24:16     -450.260095*       0.0000
BFGSLineSearch:   10[ 20] 14:24:16     -450.260095*       0.0000
BFGSLineSearch:   11[ 22] 14:24:16     -450.260095*       0.0000
BFGSLineSearch:   12[ 24] 14:24:16     -450.260095*       0.0000
BFGSLineSearch:   13[ 26] 14:24:16     -450.260095*       0.0000
BFGSLineSearch:   14[ 28] 14:24:16     -450.260095*       0.0000
BFGSLineSearch:   15[ 30] 14:24:16     -450.260095*       0.0000
BFGSLineSearch:   16[ 32] 14:24:16     -450.260095*       0.0000
BFGSLineSearch:   17[ 34] 14:24:16     -450.260095*       0.0000
BFGSLineSearch:   18[ 36] 14:24:16     -450.260095*       0.0000
BFGSLineSearch:   19[ 38] 14:24:16     -450.260095*       0.0000
BFGSLineSearch:   20[ 40] 14:24:16     -450.260095*       0.0000
BFGSLineSearch:   21[ 43] 14:24:17     -450.260095*       0.0000
BFGSLineSearch:   22[ 45] 14:24:17     -450.260095*       0.0000
BFGSLineSearch:   23[ 47] 14:24:17     -450.260095*       0.0000
BFGSLineSearch:   24[ 49] 14:24:17     -450.260095*       0.0000
BFGSLineSearch:   25[ 60] 14:24:17     -450.260095*       0.0000
BFGSLineSearch:   26[ 62] 14:24:17     -450.260095*       0.0000
BFGSLineSearch:   27[ 64] 14:24:17     -450.260095*       0.0000
BFGSLineSearch:   28[ 66] 14:24:17     -450.260095*       0.0000
BFGSLineSearch:   29[ 68] 14:24:17     -450.260095*       0.0000
BFGSLineSearch:   30[ 70] 14:24:17     -450.260095*       0.0000
BFGSLineSearch:   31[ 72] 14:24:17     -450.260095*       0.0000
BFGSLineSearch:   32[ 78] 14:24:18     -450.260095*       0.0000
BFGSLineSearch:   33[ 80] 14:24:18     -450.260095*       0.0000
BFGSLineSearch:   34[ 85] 14:24:18     -450.260095*       0.0000
BFGSLineSearch:   35[ 87] 14:24:18     -450.260095*       0.0000
BFGSLineSearch:   36[ 89] 14:24:18     -450.260095*       0.0000
BFGSLineSearch:   37[ 95] 14:24:18     -450.260095*       0.0000
BFGSLineSearch:   38[ 98] 14:24:18     -450.260095*       0.0000
BFGSLineSearch:   39[100] 14:24:18     -450.260095*       0.0000
BFGSLineSearch:   40[105] 14:24:19     -450.260095*       0.0000
BFGSLineSearch:   41[107] 14:24:19     -450.260095*       0.0000
BFGSLineSearch:   42[111] 14:24:19     -450.260095*       0.0000
BFGSLineSearch:   43[113] 14:24:19     -450.260095*       0.0000
BFGSLineSearch:   44[115] 14:24:19     -450.260095*       0.0000
BFGSLineSearch:   45[117] 14:24:19     -450.260095*       0.0000
BFGSLineSearch:   46[119] 14:24:19     -450.260095*       0.0000
BFGSLineSearch:   47[121] 14:24:19     -450.260095*       0.0000
BFGSLineSearch:   48[146] 14:24:20     -450.260095*       0.0000
BFGSLineSearch:   49[163] 14:24:21     -450.260095*       0.0000
BFGSLineSearch:   50[168] 14:24:21     -450.260095*       0.0000
BFGSLineSearch:   51[170] 14:24:21     -450.260095*       0.0000
BFGSLineSearch:   52[172] 14:24:21     -450.260095*       0.0000
BFGSLineSearch:   53[213] 14:24:22     -450.260095*       0.0000
BFGSLineSearch:   54[217] 14:24:22     -450.260095*       0.0000
BFGSLineSearch:   55[219] 14:24:22     -450.260095*       0.0000
BFGSLineSearch:   56[221] 14:24:22     -450.260095*       0.0000
BFGSLineSearch:   57[225] 14:24:23     -450.260095*       0.0000
BFGSLineSearch:   58[227] 14:24:23     -450.260095*       0.0000
BFGSLineSearch:   59[229] 14:24:23     -450.260095*       0.0000
BFGSLineSearch:   60[231] 14:24:23     -450.260095*       0.0000
BFGSLineSearch:   61[233] 14:24:23     -450.260095*       0.0000
BFGSLineSearch:   62[235] 14:24:23     -450.260095*       0.0000
BFGSLineSearch:   63[246] 14:24:23     -450.260095*       0.0000
BFGSLineSearch:   64[250] 14:24:23     -450.260095*       0.0000
BFGSLineSearch:   65[269] 14:24:24     -450.260095*       0.0000
BFGSLineSearch:   66[286] 14:24:25     -450.260095*       0.0000
BFGSLineSearch:   67[288] 14:24:25     -450.260095*       0.0000
BFGSLineSearch:   68[290] 14:24:25     -450.260095*       0.0000
BFGSLineSearch:   69[292] 14:24:25     -450.260095*       0.0000
